2022-04-13T08:30:43.628Z - info: 	["connect to mysql: ",{"client":"mysql","connection":{"host":"localhost","database":"briko_dev","user":"briko_dev","password":"briko_dev","port":"3306"},"pool":{"min":1,"max":50},"migrations":{"tableName":"KnexMigrations"}}]
2022-04-13T08:30:44.650Z - info: 	["Server is running on 3000"]
2022-04-13T08:30:44.650Z - info: 	["Unable to connect:","Invalid scheme, expected connection string to start with \"mongodb://\" or \"mongodb+srv://\""]
2022-04-13T08:30:44.651Z - info: 	[null]
2022-04-13T08:50:28.614Z - info: 	["connect to mysql: ",{"client":"mysql","connection":{"host":"localhost","database":"briko_dev","user":"briko_dev","password":"briko_dev","port":"3306"},"pool":{"min":1,"max":50},"migrations":{"tableName":"KnexMigrations"}}]
2022-04-13T08:50:31.444Z - info: 	["Server is running on 3000"]
2022-04-13T08:50:31.445Z - info: 	["Unable to connect:","Invalid scheme, expected connection string to start with \"mongodb://\" or \"mongodb+srv://\""]
2022-04-13T08:50:31.445Z - info: 	[null]
2022-04-13T08:50:47.451Z - info: 	["connect to mysql: ",{"client":"mysql","connection":{"host":"localhost","database":"briko_dev","user":"briko_dev","password":"briko_dev","port":"3306"},"pool":{"min":1,"max":50},"migrations":{"tableName":"KnexMigrations"}}]
2022-04-13T08:50:50.622Z - info: 	["Server is running on 3000"]
2022-04-13T08:50:50.623Z - info: 	["Unable to connect:","Invalid scheme, expected connection string to start with \"mongodb://\" or \"mongodb+srv://\""]
2022-04-13T08:50:50.624Z - info: 	[null]
2022-04-13T08:50:56.638Z - info: 	["connect to mysql: ",{"client":"mysql","connection":{"host":"localhost","database":"briko_dev","user":"briko_dev","password":"briko_dev","port":"3306"},"pool":{"min":1,"max":50},"migrations":{"tableName":"KnexMigrations"}}]
2022-04-13T08:51:00.713Z - info: 	["Server is running on 3000"]
2022-04-13T08:51:00.714Z - info: 	["Unable to connect:","Invalid scheme, expected connection string to start with \"mongodb://\" or \"mongodb+srv://\""]
2022-04-13T08:51:00.714Z - info: 	[null]
2022-04-13T08:51:16.719Z - info: 	["connect to mysql: ",{"client":"mysql","connection":{"host":"localhost","database":"briko_dev","user":"briko_dev","password":"briko_dev","port":"3306"},"pool":{"min":1,"max":50},"migrations":{"tableName":"KnexMigrations"}}]
2022-04-13T08:51:20.252Z - info: 	["Server is running on 3000"]
2022-04-13T08:51:20.253Z - info: 	["Unable to connect:","Invalid scheme, expected connection string to start with \"mongodb://\" or \"mongodb+srv://\""]
2022-04-13T08:51:20.253Z - info: 	[null]
2022-04-13T08:51:33.930Z - info: 	["connect to mysql: ",{"client":"mysql","connection":{"host":"localhost","database":"briko_dev","user":"briko_dev","password":"briko_dev","port":"3306"},"pool":{"min":1,"max":50},"migrations":{"tableName":"KnexMigrations"}}]
2022-04-13T08:51:37.210Z - info: 	["Server is running on 3000"]
2022-04-13T08:51:37.210Z - info: 	["Unable to connect:","Invalid scheme, expected connection string to start with \"mongodb://\" or \"mongodb+srv://\""]
2022-04-13T08:51:37.211Z - info: 	[null]
2022-04-13T09:10:50.182Z - info: 	["connect to mysql: ",{"client":"mysql","connection":{"host":"localhost","database":"briko_dev","user":"briko_dev","password":"briko_dev","port":"3306"},"pool":{"min":1,"max":50},"migrations":{"tableName":"KnexMigrations"}}]
2022-04-13T09:10:53.370Z - info: 	["Server is running on 3000"]
2022-04-13T09:10:53.370Z - info: 	["Unable to connect:","Invalid scheme, expected connection string to start with \"mongodb://\" or \"mongodb+srv://\""]
2022-04-13T09:10:53.370Z - info: 	[null]
2022-04-13T09:11:59.040Z - info: 	["connect to mysql: ",{"client":"mysql","connection":{"host":"localhost","database":"briko_dev","user":"briko_dev","password":"briko_dev","port":"3306"},"pool":{"min":1,"max":50},"migrations":{"tableName":"KnexMigrations"}}]
2022-04-13T09:12:01.826Z - info: 	["Server is running on 3000"]
2022-04-13T09:12:01.827Z - info: 	["Unable to connect:","Invalid scheme, expected connection string to start with \"mongodb://\" or \"mongodb+srv://\""]
2022-04-13T09:12:01.827Z - info: 	[null]
2022-04-13T09:12:13.527Z - info: 	["connect to mysql: ",{"client":"mysql","connection":{"host":"localhost","database":"briko_dev","user":"briko_dev","password":"briko_dev","port":"3306"},"pool":{"min":1,"max":50},"migrations":{"tableName":"KnexMigrations"}}]
2022-04-13T09:12:16.365Z - info: 	["Server is running on 3000"]
2022-04-13T09:12:16.366Z - info: 	["Unable to connect:","Invalid scheme, expected connection string to start with \"mongodb://\" or \"mongodb+srv://\""]
2022-04-13T09:12:16.366Z - info: 	[null]
2022-04-13T09:12:22.012Z - info: 	["connect to mysql: ",{"client":"mysql","connection":{"host":"localhost","database":"briko_dev","user":"briko_dev","password":"briko_dev","port":"3306"},"pool":{"min":1,"max":50},"migrations":{"tableName":"KnexMigrations"}}]
2022-04-13T09:12:23.782Z - info: 	["Server is running on 3000"]
2022-04-13T09:12:23.783Z - info: 	["Unable to connect:","Invalid scheme, expected connection string to start with \"mongodb://\" or \"mongodb+srv://\""]
2022-04-13T09:12:23.783Z - info: 	[null]
2022-04-13T09:12:31.542Z - info: 	["connect to mysql: ",{"client":"mysql","connection":{"host":"localhost","database":"briko_dev","user":"briko_dev","password":"briko_dev","port":"3306"},"pool":{"min":1,"max":50},"migrations":{"tableName":"KnexMigrations"}}]
2022-04-13T09:12:33.898Z - info: 	["Server is running on 3000"]
2022-04-13T09:12:33.899Z - info: 	["Unable to connect:","Invalid scheme, expected connection string to start with \"mongodb://\" or \"mongodb+srv://\""]
2022-04-13T09:12:33.899Z - info: 	[null]
2022-04-13T09:13:50.097Z - info: 	["connect to mysql: ",{"client":"mysql","connection":{"host":"localhost","database":"briko_dev","user":"briko_dev","password":"briko_dev","port":"3306"},"pool":{"min":1,"max":50},"migrations":{"tableName":"KnexMigrations"}}]
2022-04-13T09:13:53.121Z - info: 	["Server is running on 3000"]
2022-04-13T09:13:53.123Z - info: 	["Unable to connect:","Invalid scheme, expected connection string to start with \"mongodb://\" or \"mongodb+srv://\""]
2022-04-13T09:13:53.123Z - info: 	[null]
2022-04-13T09:15:00.455Z - info: 	["connect to mysql: ",{"client":"mysql","connection":{"host":"localhost","database":"briko_dev","user":"briko_dev","password":"briko_dev","port":"3306"},"pool":{"min":1,"max":50},"migrations":{"tableName":"KnexMigrations"}}]
2022-04-13T09:15:03.417Z - info: 	["Server is running on 3000"]
2022-04-13T09:15:03.418Z - info: 	["Unable to connect:","Invalid scheme, expected connection string to start with \"mongodb://\" or \"mongodb+srv://\""]
2022-04-13T09:15:03.418Z - info: 	[null]
2022-04-13T09:19:38.813Z - info: 	["connect to mysql: ",{"client":"mysql","connection":{"host":"localhost","database":"briko_dev","user":"briko_dev","password":"briko_dev","port":"3306"},"pool":{"min":1,"max":50},"migrations":{"tableName":"KnexMigrations"}}]
2022-04-13T09:19:42.249Z - info: 	["Server is running on 3000"]
2022-04-13T09:19:42.249Z - info: 	["Unable to connect:","Invalid scheme, expected connection string to start with \"mongodb://\" or \"mongodb+srv://\""]
2022-04-13T09:19:42.250Z - info: 	[null]
2022-04-13T09:19:44.793Z - info: 	["connect to mysql: ",{"client":"mysql","connection":{"host":"localhost","database":"briko_dev","user":"briko_dev","password":"briko_dev","port":"3306"},"pool":{"min":1,"max":50},"migrations":{"tableName":"KnexMigrations"}}]
2022-04-13T09:19:46.241Z - info: 	["Server is running on 3000"]
2022-04-13T09:19:46.242Z - info: 	["Unable to connect:","Invalid scheme, expected connection string to start with \"mongodb://\" or \"mongodb+srv://\""]
2022-04-13T09:19:46.242Z - info: 	[null]
2022-04-13T09:20:03.819Z - info: 	["connect to mysql: ",{"client":"mysql","connection":{"host":"localhost","database":"briko_dev","user":"briko_dev","password":"briko_dev","port":"3306"},"pool":{"min":1,"max":50},"migrations":{"tableName":"KnexMigrations"}}]
2022-04-13T09:20:06.772Z - info: 	["Server is running on 3000"]
2022-04-13T09:20:06.773Z - info: 	["Unable to connect:","Invalid scheme, expected connection string to start with \"mongodb://\" or \"mongodb+srv://\""]
2022-04-13T09:20:06.773Z - info: 	[null]
2022-04-13T09:20:13.705Z - info: 	["connect to mysql: ",{"client":"mysql","connection":{"host":"localhost","database":"briko_dev","user":"briko_dev","password":"briko_dev","port":"3306"},"pool":{"min":1,"max":50},"migrations":{"tableName":"KnexMigrations"}}]
2022-04-13T09:20:17.091Z - info: 	["Server is running on 3000"]
2022-04-13T09:20:17.092Z - info: 	["Unable to connect:","Invalid scheme, expected connection string to start with \"mongodb://\" or \"mongodb+srv://\""]
2022-04-13T09:20:17.092Z - info: 	[null]
2022-04-13T09:20:36.971Z - info: 	["connect to mysql: ",{"client":"mysql","connection":{"host":"localhost","database":"briko_dev","user":"briko_dev","password":"briko_dev","port":"3306"},"pool":{"min":1,"max":50},"migrations":{"tableName":"KnexMigrations"}}]
2022-04-13T09:20:40.037Z - info: 	["Server is running on 3000"]
2022-04-13T09:20:40.038Z - info: 	["Unable to connect:","Invalid scheme, expected connection string to start with \"mongodb://\" or \"mongodb+srv://\""]
2022-04-13T09:20:40.038Z - info: 	[null]
2022-04-13T09:20:53.100Z - info: 	["connect to mysql: ",{"client":"mysql","connection":{"host":"localhost","database":"briko_dev","user":"briko_dev","password":"briko_dev","port":"3306"},"pool":{"min":1,"max":50},"migrations":{"tableName":"KnexMigrations"}}]
2022-04-13T09:20:54.217Z - info: 	["Server is running on 3000"]
2022-04-13T09:20:54.217Z - info: 	["Unable to connect:","Invalid scheme, expected connection string to start with \"mongodb://\" or \"mongodb+srv://\""]
2022-04-13T09:20:54.218Z - info: 	[null]
2022-04-13T09:22:59.732Z - info: 	["connect to mysql: ",{"client":"mysql","connection":{"host":"localhost","database":"briko_dev","user":"briko_dev","password":"briko_dev","port":"3306"},"pool":{"min":1,"max":50},"migrations":{"tableName":"KnexMigrations"}}]
2022-04-13T09:23:02.550Z - info: 	["Server is running on 3000"]
2022-04-13T09:23:02.551Z - info: 	["Unable to connect:","Invalid scheme, expected connection string to start with \"mongodb://\" or \"mongodb+srv://\""]
2022-04-13T09:23:02.551Z - info: 	[null]
2022-04-13T09:26:20.770Z - info: 	["connect to mysql: ",{"client":"mysql","connection":{"host":"localhost","database":"briko_dev","user":"briko_dev","password":"briko_dev","port":"3306"},"pool":{"min":1,"max":50},"migrations":{"tableName":"KnexMigrations"}}]
2022-04-13T09:26:23.850Z - info: 	["Server is running on 3000"]
2022-04-13T09:26:23.851Z - info: 	["Unable to connect:","Invalid scheme, expected connection string to start with \"mongodb://\" or \"mongodb+srv://\""]
2022-04-13T09:26:23.851Z - info: 	[null]
2022-04-13T09:30:26.089Z - info: 	["connect to mysql: ",{"client":"mysql","connection":{"host":"localhost","database":"briko_dev","user":"briko_dev","password":"briko_dev","port":"3306"},"pool":{"min":1,"max":50},"migrations":{"tableName":"KnexMigrations"}}]
2022-04-13T09:30:28.694Z - info: 	["Server is running on 3000"]
2022-04-13T09:30:28.694Z - info: 	["Unable to connect:","Invalid scheme, expected connection string to start with \"mongodb://\" or \"mongodb+srv://\""]
2022-04-13T09:30:28.694Z - info: 	[null]
2022-04-13T09:31:18.172Z - info: 	["connect to mysql: ",{"client":"mysql","connection":{"host":"localhost","database":"briko_dev","user":"briko_dev","password":"briko_dev","port":"3306"},"pool":{"min":1,"max":50},"migrations":{"tableName":"KnexMigrations"}}]
2022-04-13T09:31:21.729Z - info: 	["Server is running on 3000"]
2022-04-13T09:31:21.730Z - info: 	["Unable to connect:","Invalid scheme, expected connection string to start with \"mongodb://\" or \"mongodb+srv://\""]
2022-04-13T09:31:21.731Z - info: 	[null]
2022-04-13T09:31:24.927Z - info: 	["connect to mysql: ",{"client":"mysql","connection":{"host":"localhost","database":"briko_dev","user":"briko_dev","password":"briko_dev","port":"3306"},"pool":{"min":1,"max":50},"migrations":{"tableName":"KnexMigrations"}}]
2022-04-13T09:31:27.188Z - info: 	["Server is running on 3000"]
2022-04-13T09:31:27.192Z - info: 	["Unable to connect:","Invalid scheme, expected connection string to start with \"mongodb://\" or \"mongodb+srv://\""]
2022-04-13T09:31:27.192Z - info: 	[null]
2022-04-13T09:32:01.285Z - info: 	["connect to mysql: ",{"client":"mysql","connection":{"host":"localhost","database":"briko_dev","user":"briko_dev","password":"briko_dev","port":"3306"},"pool":{"min":1,"max":50},"migrations":{"tableName":"KnexMigrations"}}]
2022-04-13T09:32:04.961Z - info: 	["Server is running on 3000"]
2022-04-13T09:32:04.962Z - info: 	["Unable to connect:","Invalid scheme, expected connection string to start with \"mongodb://\" or \"mongodb+srv://\""]
2022-04-13T09:32:04.962Z - info: 	[null]
2022-04-13T09:32:06.959Z - info: 	["connect to mysql: ",{"client":"mysql","connection":{"host":"localhost","database":"briko_dev","user":"briko_dev","password":"briko_dev","port":"3306"},"pool":{"min":1,"max":50},"migrations":{"tableName":"KnexMigrations"}}]
2022-04-13T09:32:08.284Z - info: 	["Server is running on 3000"]
2022-04-13T09:32:08.285Z - info: 	["Unable to connect:","Invalid scheme, expected connection string to start with \"mongodb://\" or \"mongodb+srv://\""]
2022-04-13T09:32:08.285Z - info: 	[null]
2022-04-13T09:33:15.255Z - info: 	["connect to mysql: ",{"client":"mysql","connection":{"host":"localhost","database":"briko_dev","user":"briko_dev","password":"briko_dev","port":"3306"},"pool":{"min":1,"max":50},"migrations":{"tableName":"KnexMigrations"}}]
2022-04-13T09:33:20.436Z - info: 	["Server is running on 3000"]
2022-04-13T09:33:20.437Z - info: 	["Unable to connect:","Invalid scheme, expected connection string to start with \"mongodb://\" or \"mongodb+srv://\""]
2022-04-13T09:33:20.437Z - info: 	[null]
2022-04-13T10:47:31.515Z - info: 	["connect to mysql: ",{"client":"mysql","connection":{"host":"localhost","database":"briko_dev","user":"briko_dev","password":"briko_dev","port":"3306"},"pool":{"min":1,"max":50},"migrations":{"tableName":"KnexMigrations"}}]
2022-04-13T10:47:34.849Z - info: 	["Server is running on 3000"]
2022-04-13T10:47:34.850Z - info: 	["Unable to connect:","Invalid scheme, expected connection string to start with \"mongodb://\" or \"mongodb+srv://\""]
2022-04-13T10:47:34.850Z - info: 	[null]
2022-04-13T10:47:57.864Z - info: 	["connect to mysql: ",{"client":"mysql","connection":{"host":"localhost","database":"briko_dev","user":"briko_dev","password":"briko_dev","port":"3306"},"pool":{"min":1,"max":50},"migrations":{"tableName":"KnexMigrations"}}]
2022-04-13T10:48:02.118Z - info: 	["Server is running on 3000"]
2022-04-13T10:48:02.119Z - info: 	["Unable to connect:","Invalid scheme, expected connection string to start with \"mongodb://\" or \"mongodb+srv://\""]
2022-04-13T10:48:02.119Z - info: 	[null]
2022-04-13T10:48:20.857Z - info: 	["connect to mysql: ",{"client":"mysql","connection":{"host":"localhost","database":"briko_dev","user":"briko_dev","password":"briko_dev","port":"3306"},"pool":{"min":1,"max":50},"migrations":{"tableName":"KnexMigrations"}}]
2022-04-13T10:48:23.991Z - info: 	["Server is running on 3000"]
2022-04-13T10:48:23.992Z - info: 	["Unable to connect:","Invalid scheme, expected connection string to start with \"mongodb://\" or \"mongodb+srv://\""]
2022-04-13T10:48:23.992Z - info: 	[null]
2022-04-13T10:48:43.807Z - info: 	["connect to mysql: ",{"client":"mysql","connection":{"host":"localhost","database":"briko_dev","user":"briko_dev","password":"briko_dev","port":"3306"},"pool":{"min":1,"max":50},"migrations":{"tableName":"KnexMigrations"}}]
2022-04-13T10:48:47.675Z - info: 	["Server is running on 3000"]
2022-04-13T10:48:47.676Z - info: 	["Unable to connect:","Invalid scheme, expected connection string to start with \"mongodb://\" or \"mongodb+srv://\""]
2022-04-13T10:48:47.676Z - info: 	[null]
2022-04-13T10:48:49.864Z - info: 	["connect to mysql: ",{"client":"mysql","connection":{"host":"localhost","database":"briko_dev","user":"briko_dev","password":"briko_dev","port":"3306"},"pool":{"min":1,"max":50},"migrations":{"tableName":"KnexMigrations"}}]
2022-04-13T10:48:51.172Z - info: 	["Server is running on 3000"]
2022-04-13T10:48:51.173Z - info: 	["Unable to connect:","Invalid scheme, expected connection string to start with \"mongodb://\" or \"mongodb+srv://\""]
2022-04-13T10:48:51.173Z - info: 	[null]
2022-04-13T10:50:51.597Z - info: 	["connect to mysql: ",{"client":"mysql","connection":{"host":"localhost","database":"briko_dev","user":"briko_dev","password":"briko_dev","port":"3306"},"pool":{"min":1,"max":50},"migrations":{"tableName":"KnexMigrations"}}]
2022-04-13T10:50:54.232Z - info: 	["Server is running on 3000"]
2022-04-13T10:50:54.233Z - info: 	["Unable to connect:","Invalid scheme, expected connection string to start with \"mongodb://\" or \"mongodb+srv://\""]
2022-04-13T10:50:54.233Z - info: 	[null]
2022-04-13T10:50:59.274Z - info: 	["connect to mysql: ",{"client":"mysql","connection":{"host":"localhost","database":"briko_dev","user":"briko_dev","password":"briko_dev","port":"3306"},"pool":{"min":1,"max":50},"migrations":{"tableName":"KnexMigrations"}}]
2022-04-13T10:51:00.383Z - info: 	["Server is running on 3000"]
2022-04-13T10:51:00.384Z - info: 	["Unable to connect:","Invalid scheme, expected connection string to start with \"mongodb://\" or \"mongodb+srv://\""]
2022-04-13T10:51:00.384Z - info: 	[null]
2022-04-13T10:52:32.918Z - info: 	["connect to mysql: ",{"client":"mysql","connection":{"host":"localhost","database":"briko_dev","user":"briko_dev","password":"briko_dev","port":"3306"},"pool":{"min":1,"max":50},"migrations":{"tableName":"KnexMigrations"}}]
2022-04-13T10:52:34.398Z - info: 	["Server is running on 3000"]
2022-04-13T10:52:34.399Z - info: 	["Unable to connect:","Invalid scheme, expected connection string to start with \"mongodb://\" or \"mongodb+srv://\""]
2022-04-13T10:52:34.399Z - info: 	[null]
2022-04-13T10:53:44.273Z - info: 	["connect to mysql: ",{"client":"mysql","connection":{"host":"localhost","database":"briko_dev","user":"briko_dev","password":"briko_dev","port":"3306"},"pool":{"min":1,"max":50},"migrations":{"tableName":"KnexMigrations"}}]
2022-04-13T10:53:56.972Z - info: 	["connect to mysql: ",{"client":"mysql","connection":{"host":"localhost","database":"briko_dev","user":"briko_dev","password":"briko_dev","port":"3306"},"pool":{"min":1,"max":50},"migrations":{"tableName":"KnexMigrations"}}]
2022-04-13T10:54:48.149Z - info: 	["connect to mysql: ",{"client":"mysql","connection":{"host":"localhost","database":"briko_dev","user":"briko_dev","password":"briko_dev","port":"3306"},"pool":{"min":1,"max":50},"migrations":{"tableName":"KnexMigrations"}}]
2022-04-13T10:54:51.558Z - info: 	["Server is running on 3000"]
2022-04-13T10:54:51.559Z - info: 	["Unable to connect:","Invalid scheme, expected connection string to start with \"mongodb://\" or \"mongodb+srv://\""]
2022-04-13T10:54:51.559Z - info: 	[null]
2022-04-13T10:55:03.490Z - info: 	["connect to mysql: ",{"client":"mysql","connection":{"host":"localhost","database":"briko_dev","user":"briko_dev","password":"briko_dev","port":"3306"},"pool":{"min":1,"max":50},"migrations":{"tableName":"KnexMigrations"}}]
2022-04-13T10:55:38.781Z - info: 	["connect to mysql: ",{"client":"mysql","connection":{"host":"localhost","database":"briko_dev","user":"briko_dev","password":"briko_dev","port":"3306"},"pool":{"min":1,"max":50},"migrations":{"tableName":"KnexMigrations"}}]
2022-04-13T10:55:40.831Z - info: 	["Server is running on 3000"]
2022-04-13T10:55:40.831Z - info: 	["Unable to connect:","Invalid scheme, expected connection string to start with \"mongodb://\" or \"mongodb+srv://\""]
2022-04-13T10:55:40.832Z - info: 	[null]
2022-04-13T10:56:00.115Z - info: 	["connect to mysql: ",{"client":"mysql","connection":{"host":"localhost","database":"briko_dev","user":"briko_dev","password":"briko_dev","port":"3306"},"pool":{"min":1,"max":50},"migrations":{"tableName":"KnexMigrations"}}]
2022-04-13T10:56:01.094Z - info: 	["Server is running on 3000"]
2022-04-13T10:56:01.095Z - info: 	["Unable to connect:","Invalid scheme, expected connection string to start with \"mongodb://\" or \"mongodb+srv://\""]
2022-04-13T10:56:01.095Z - info: 	[null]
2022-04-13T10:56:09.010Z - info: 	["connect to mysql: ",{"client":"mysql","connection":{"host":"localhost","database":"briko_dev","user":"briko_dev","password":"briko_dev","port":"3306"},"pool":{"min":1,"max":50},"migrations":{"tableName":"KnexMigrations"}}]
2022-04-13T10:56:29.227Z - info: 	["connect to mysql: ",{"client":"mysql","connection":{"host":"localhost","database":"briko_dev","user":"briko_dev","password":"briko_dev","port":"3306"},"pool":{"min":1,"max":50},"migrations":{"tableName":"KnexMigrations"}}]
2022-04-13T10:56:30.419Z - info: 	["Server is running on 3000"]
2022-04-13T10:56:30.421Z - info: 	["Unable to connect:","Invalid scheme, expected connection string to start with \"mongodb://\" or \"mongodb+srv://\""]
2022-04-13T10:56:30.421Z - info: 	[null]
2022-04-13T10:57:48.395Z - info: 	["connect to mysql: ",{"client":"mysql","connection":{"host":"localhost","database":"briko_dev","user":"briko_dev","password":"briko_dev","port":"3306"},"pool":{"min":1,"max":50},"migrations":{"tableName":"KnexMigrations"}}]
2022-04-13T10:57:49.542Z - info: 	["Server is running on 3000"]
2022-04-13T10:57:49.543Z - info: 	["Unable to connect:","Invalid scheme, expected connection string to start with \"mongodb://\" or \"mongodb+srv://\""]
2022-04-13T10:57:49.543Z - info: 	[null]
2022-04-13T10:58:37.813Z - info: 	["connect to mysql: ",{"client":"mysql","connection":{"host":"localhost","database":"briko_dev","user":"briko_dev","password":"briko_dev","port":"3306"},"pool":{"min":1,"max":50},"migrations":{"tableName":"KnexMigrations"}}]
2022-04-13T10:58:40.643Z - info: 	["Server is running on 3000"]
2022-04-13T10:58:40.644Z - info: 	["Unable to connect:","Invalid scheme, expected connection string to start with \"mongodb://\" or \"mongodb+srv://\""]
2022-04-13T10:58:40.644Z - info: 	[null]
2022-04-13T10:58:44.619Z - info: 	["connect to mysql: ",{"client":"mysql","connection":{"host":"localhost","database":"briko_dev","user":"briko_dev","password":"briko_dev","port":"3306"},"pool":{"min":1,"max":50},"migrations":{"tableName":"KnexMigrations"}}]
2022-04-13T10:58:45.413Z - info: 	["Server is running on 3000"]
2022-04-13T10:58:45.414Z - info: 	["Unable to connect:","Invalid scheme, expected connection string to start with \"mongodb://\" or \"mongodb+srv://\""]
2022-04-13T10:58:45.414Z - info: 	[null]
2022-04-13T10:59:34.339Z - info: 	["connect to mysql: ",{"client":"mysql","connection":{"host":"localhost","database":"briko_dev","user":"briko_dev","password":"briko_dev","port":"3306"},"pool":{"min":1,"max":50},"migrations":{"tableName":"KnexMigrations"}}]
2022-04-13T10:59:36.306Z - info: 	["Server is running on 3000"]
2022-04-13T10:59:36.307Z - info: 	["Unable to connect:","Invalid scheme, expected connection string to start with \"mongodb://\" or \"mongodb+srv://\""]
2022-04-13T10:59:36.307Z - info: 	[null]
2022-04-13T11:04:41.160Z - info: 	["connect to mysql: ",{"client":"mysql","connection":{"host":"localhost","database":"briko_dev","user":"briko_dev","password":"briko_dev","port":"3306"},"pool":{"min":1,"max":50},"migrations":{"tableName":"KnexMigrations"},"seeds":{"extension":"ts"}}]
2022-04-13T11:04:43.823Z - info: 	["Server is running on 3000"]
2022-04-13T11:04:43.823Z - info: 	["Unable to connect:","Invalid scheme, expected connection string to start with \"mongodb://\" or \"mongodb+srv://\""]
2022-04-13T11:04:43.824Z - info: 	[null]
2022-04-13T11:04:45.734Z - info: 	["connect to mysql: ",{"client":"mysql","connection":{"host":"localhost","database":"briko_dev","user":"briko_dev","password":"briko_dev","port":"3306"},"pool":{"min":1,"max":50},"migrations":{"tableName":"KnexMigrations"},"seeds":{"extension":"ts"}}]
2022-04-13T11:04:53.821Z - info: 	["connect to mysql: ",{"client":"mysql","connection":{"host":"localhost","database":"briko_dev","user":"briko_dev","password":"briko_dev","port":"3306"},"pool":{"min":1,"max":50},"migrations":{"tableName":"KnexMigrations"}}]
2022-04-13T11:04:54.722Z - info: 	["Server is running on 3000"]
2022-04-13T11:04:54.723Z - info: 	["Unable to connect:","Invalid scheme, expected connection string to start with \"mongodb://\" or \"mongodb+srv://\""]
2022-04-13T11:04:54.723Z - info: 	[null]
2022-04-13T11:15:34.001Z - info: 	["connect to mysql: ",{"client":"mysql","connection":{"host":"localhost","database":"briko_dev","user":"briko_dev","password":"briko_dev","port":"3306"},"pool":{"min":1,"max":50},"migrations":{"tableName":"KnexMigrations"}}]
2022-04-13T11:15:37.204Z - info: 	["Server is running on 3000"]
2022-04-13T11:15:37.205Z - info: 	["Unable to connect:","Invalid scheme, expected connection string to start with \"mongodb://\" or \"mongodb+srv://\""]
2022-04-13T11:15:37.206Z - info: 	[null]
2022-04-13T11:16:01.633Z - info: 	["connect to mysql: ",{"client":"mysql","connection":{"host":"localhost","database":"briko_dev","user":"briko_dev","password":"briko_dev","port":"3306"},"pool":{"min":1,"max":50},"migrations":{"tableName":"KnexMigrations"}}]
2022-04-13T11:16:04.204Z - info: 	["Server is running on 3000"]
2022-04-13T11:16:04.204Z - info: 	["Unable to connect:","Invalid scheme, expected connection string to start with \"mongodb://\" or \"mongodb+srv://\""]
2022-04-13T11:16:04.205Z - info: 	[null]
2022-04-13T11:16:09.063Z - info: 	["connect to mysql: ",{"client":"mysql","connection":{"host":"localhost","database":"briko_dev","user":"briko_dev","password":"briko_dev","port":"3306"},"pool":{"min":1,"max":50},"migrations":{"tableName":"KnexMigrations"}}]
2022-04-13T11:17:05.195Z - info: 	["connect to mysql: ",{"client":"mysql","connection":{"host":"localhost","database":"briko_dev","user":"briko_dev","password":"briko_dev","port":"3306"},"pool":{"min":1,"max":50},"migrations":{"tableName":"KnexMigrations"}}]
2022-04-13T11:17:07.847Z - info: 	["Server is running on 3000"]
2022-04-13T11:17:07.847Z - info: 	["Unable to connect:","Invalid scheme, expected connection string to start with \"mongodb://\" or \"mongodb+srv://\""]
2022-04-13T11:17:07.847Z - info: 	[null]
2022-04-13T11:23:02.969Z - info: 	["connect to mysql: ",{"client":"mysql","connection":{"host":"localhost","database":"briko_dev","user":"briko_dev","password":"briko_dev","port":"3306"},"pool":{"min":1,"max":50},"migrations":{"tableName":"KnexMigrations"}}]
2022-04-13T11:23:04.125Z - info: 	["Server is running on 3000"]
2022-04-13T11:23:04.126Z - info: 	["Unable to connect:","Invalid scheme, expected connection string to start with \"mongodb://\" or \"mongodb+srv://\""]
2022-04-13T11:23:04.126Z - info: 	[null]
2022-04-13T11:23:21.703Z - info: 	["connect to mysql: ",{"client":"mysql","connection":{"host":"localhost","database":"briko_dev","user":"briko_dev","password":"briko_dev","port":"3306"},"pool":{"min":1,"max":50},"migrations":{"tableName":"KnexMigrations"}}]
2022-04-13T11:23:27.520Z - info: 	["Unable to connect:","Invalid scheme, expected connection string to start with \"mongodb://\" or \"mongodb+srv://\""]
2022-04-13T11:23:27.521Z - info: 	[null]
2022-04-13T11:23:33.324Z - error: 	["additionalInformation",{"statusCode":403,"name":"ForbiddenError"}]
2022-04-13T11:23:33.406Z - error: 	["additionalInformation",{"statusCode":403,"name":"ForbiddenError"}]
2022-04-13T11:23:33.433Z - error: 	["additionalInformation",{"statusCode":403,"name":"ForbiddenError"}]
2022-04-13T11:23:33.489Z - error: 	["additionalInformation",{"statusCode":403,"name":"ForbiddenError"}]
2022-04-13T11:23:33.532Z - info: 	[{"email":"active_superadmin_deactive_afterforgotpassword@yopmail.com"},"condition"]
2022-04-13T11:23:33.602Z - error: 	["forgotPassword",{"statusCode":403,"name":"ForbiddenError"}]
2022-04-13T11:23:33.626Z - info: 	[{"id":2,"status":1},"condition"]
2022-04-13T11:23:33.643Z - info: 	[{"email":"superadmin@yopmail.com"},"condition"]
2022-04-13T11:23:33.646Z - info: 	[{"email":"active_superadmin_deactive_afterforgotpassword@yopmail.com"},"condition"]
2022-04-13T11:23:33.652Z - info: 	[{"verificationCode":"eyJhbGciOiJIUzI1NiIsInR5cCI6IkpXVCJ9.eyJpZCI6NiwibmFtZSI6IkJyaWtvIiwiaWF0IjoxNjQ5ODQ5MDEzLCJleHAiOjE2NDk5MzU0MTN9.xIt2GNpEIxe7jc26fgGcfRhSfgzxefaJAqDk8W00I3w","id":6},"condition"]
2022-04-13T11:23:33.653Z - error: 	["additionalInformation",{"statusCode":403,"name":"ForbiddenError"}]
2022-04-13T11:23:33.672Z - info: 	[{"verificationCode":"eyJhbGciOiJIUzI1NiIsInR5cCI6IkpXVCJ9.eyJpZCI6MiwibmFtZSI6IkJyaWtvIiwiaWF0IjoxNjQ5ODQ5MDEzLCJleHAiOjE2NDk5MzU0MTN9.GbWC1TTbGvv8OKLELbB71cQyXNKH8b-l294_bgjX_fw","id":2},"condition"]
2022-04-13T11:23:33.800Z - info: 	[{"id":2},"condition"]
2022-04-13T11:23:33.812Z - info: 	[{"id":2},"condition"]
2022-04-13T11:23:33.820Z - info: 	[{"id":3},"condition"]
2022-04-13T11:23:33.834Z - info: 	[{"id":3},"condition"]
2022-04-13T11:23:33.841Z - info: 	[{"id":4},"condition"]
2022-04-13T11:23:33.858Z - info: 	[{"id":4},"condition"]
2022-04-13T11:23:33.872Z - info: 	[{"id":10},"condition"]
2022-04-13T11:23:33.886Z - info: 	[{"id":10},"condition"]
2022-04-13T11:23:33.916Z - info: 	[{"id":3},"condition"]
2022-04-13T11:23:33.969Z - info: 	[{"id":4},"condition"]
2022-04-13T11:23:34.011Z - info: 	[{"id":10},"condition"]
2022-04-13T11:23:34.040Z - info: 	[{"id":2},"condition"]
2022-04-13T11:23:34.095Z - info: 	[{"id":2},"condition"]
2022-04-13T11:23:34.105Z - info: 	[{"id":2},"condition"]
2022-04-13T11:23:34.181Z - info: 	[{"id":2},"condition"]
2022-04-13T11:23:34.308Z - info: 	[{"id":2},"condition"]
2022-04-13T11:23:34.316Z - info: 	[{"id":2},"condition"]
2022-04-13T11:23:34.335Z - info: 	[{"id":2},"condition"]
2022-04-13T11:23:34.344Z - info: 	[{"id":2},"condition"]
2022-04-13T11:23:34.367Z - info: 	[{"id":3},"condition"]
2022-04-13T11:23:34.378Z - info: 	[{"id":3},"condition"]
2022-04-13T11:23:34.398Z - info: 	[{"id":3},"condition"]
2022-04-13T11:23:34.414Z - info: 	[{"id":3},"condition"]
2022-04-13T11:23:34.422Z - info: 	[{"id":3},"condition"]
2022-04-13T11:23:34.441Z - info: 	[{"id":3},"condition"]
2022-04-13T11:23:34.452Z - info: 	[{"id":3},"condition"]
2022-04-13T11:23:34.472Z - info: 	[{"id":4},"condition"]
2022-04-13T11:23:34.491Z - info: 	[{"id":4},"condition"]
2022-04-13T11:23:34.556Z - info: 	[{"id":4},"condition"]
2022-04-13T11:23:34.564Z - info: 	[{"id":4},"condition"]
2022-04-13T11:23:34.581Z - info: 	[{"id":4},"condition"]
2022-04-13T11:23:34.588Z - info: 	[{"id":10},"condition"]
2022-04-13T11:23:34.596Z - info: 	[{"id":10},"condition"]
2022-04-13T11:23:34.603Z - info: 	[{"id":10},"condition"]
2022-04-13T11:23:34.607Z - info: 	[{"id":10},"condition"]
2022-04-13T11:23:34.620Z - info: 	[{"id":10},"condition"]
2022-04-13T11:23:34.670Z - info: 	[{"id":2},"condition"]
2022-04-13T11:23:34.684Z - info: 	[{"id":2},"condition"]
2022-04-13T11:23:34.694Z - info: 	[{"id":2},"condition"]
2022-04-13T11:23:34.700Z - info: 	[{"id":"10"},"patchSetPassword"]
2022-04-13T11:23:34.701Z - info: 	[{"id":"10"},"condition"]
2022-04-13T11:23:34.705Z - info: 	[{"id":"10"},"patchSetPassword"]
2022-04-13T11:23:34.714Z - info: 	[{"id":2},"condition"]
2022-04-13T11:23:34.723Z - info: 	[{"id":2},"condition"]
2022-04-13T11:23:34.732Z - info: 	[{"id":2},"condition"]
2022-04-13T11:23:34.735Z - error: 	["additionalInformation",{"statusCode":403,"name":"ForbiddenError"}]
2022-04-13T11:23:34.740Z - info: 	[{"id":3},"condition"]
2022-04-13T11:23:34.745Z - info: 	[{"id":"10"},"patchSetPassword"]
2022-04-13T11:23:34.746Z - info: 	[{"id":"10"},"condition"]
2022-04-13T11:23:34.749Z - info: 	[{"id":"10"},"patchSetPassword"]
2022-04-13T11:23:34.758Z - info: 	[{"id":3},"condition"]
2022-04-13T11:23:34.771Z - info: 	[{"id":3},"condition"]
2022-04-13T11:23:34.784Z - info: 	[{"id":3},"condition"]
2022-04-13T11:23:34.786Z - error: 	["additionalInformation",{"statusCode":403,"name":"ForbiddenError"}]
2022-04-13T11:23:34.791Z - info: 	[{"id":4},"condition"]
2022-04-13T11:23:34.800Z - error: 	["additionalInformation",{"statusCode":403,"name":"ForbiddenError"}]
2022-04-13T11:23:34.804Z - info: 	[{"id":4},"condition"]
2022-04-13T11:23:34.809Z - error: 	["additionalInformation",{"statusCode":403,"name":"ForbiddenError"}]
2022-04-13T11:23:34.851Z - info: 	[{"id":4},"condition"]
2022-04-13T11:23:34.858Z - info: 	[{"id":4},"condition"]
2022-04-13T11:23:34.874Z - info: 	[{"id":4},"condition"]
2022-04-13T11:23:34.879Z - error: 	["additionalInformation",{"statusCode":403,"name":"ForbiddenError"}]
2022-04-13T11:23:34.886Z - info: 	[{"id":10},"condition"]
2022-04-13T11:23:34.891Z - info: 	[{"id":10},"condition"]
2022-04-13T11:23:34.901Z - info: 	[{"id":10},"condition"]
2022-04-13T11:23:34.908Z - info: 	[{"id":10},"condition"]
2022-04-13T11:23:34.967Z - info: 	[{"id":2},"condition"]
2022-04-13T11:23:34.982Z - info: 	[{"id":2},"condition"]
2022-04-13T11:23:34.996Z - info: 	[{"id":3},"condition"]
2022-04-13T11:23:35.017Z - info: 	[{"id":3},"condition"]
2022-04-13T11:23:35.025Z - info: 	[{"id":4},"condition"]
2022-04-13T11:23:35.032Z - error: 	["additionalInformation",{"statusCode":403,"name":"ForbiddenError"}]
2022-04-13T11:23:35.037Z - info: 	[{"id":4},"condition"]
2022-04-13T11:23:35.049Z - error: 	["additionalInformation",{"statusCode":403,"name":"ForbiddenError"}]
2022-04-13T11:23:35.056Z - info: 	[{"id":4},"condition"]
2022-04-13T11:23:35.069Z - info: 	[{"id":4},"condition"]
2022-04-13T11:23:35.072Z - error: 	["additionalInformation",{"statusCode":403,"name":"ForbiddenError"}]
2022-04-13T11:23:35.083Z - info: 	[{"id":4},"condition"]
2022-04-13T11:23:35.264Z - info: 	[{"id":2},"condition"]
2022-04-13T11:23:35.275Z - info: 	[{"id":2},"condition"]
2022-04-13T11:23:35.285Z - info: 	[{"id":2},"condition"]
2022-04-13T11:23:35.292Z - info: 	[{"id":3},"condition"]
2022-04-13T11:23:35.304Z - info: 	[{"id":4},"condition"]
2022-04-13T11:23:35.317Z - info: 	[{"id":10},"condition"]
2022-04-13T11:23:35.368Z - info: 	[{"id":2},"condition"]
2022-04-13T11:23:35.378Z - info: 	[{"id":3},"condition"]
2022-04-13T11:23:35.388Z - info: 	[{"id":4},"condition"]
2022-04-13T11:23:35.401Z - info: 	[{"id":10},"condition"]
2022-04-13T11:23:35.453Z - info: 	[{"id":2},"condition"]
2022-04-13T11:23:35.468Z - info: 	[{"id":2},"condition"]
2022-04-13T11:23:35.479Z - info: 	[{"id":2},"condition"]
2022-04-13T11:23:35.487Z - info: 	[{"id":2},"condition"]
2022-04-13T11:23:35.505Z - info: 	[{"id":2},"condition"]
2022-04-13T11:23:35.518Z - info: 	[{"id":2},"condition"]
2022-04-13T11:23:35.530Z - info: 	[{"id":2},"condition"]
2022-04-13T11:23:35.541Z - info: 	[{"id":3},"condition"]
2022-04-13T11:23:35.563Z - info: 	[{"id":3},"condition"]
2022-04-13T11:23:35.573Z - info: 	[{"id":3},"condition"]
2022-04-13T11:23:35.583Z - info: 	[{"id":3},"condition"]
2022-04-13T11:23:35.602Z - info: 	[{"id":3},"condition"]
2022-04-13T11:23:35.608Z - info: 	[{"id":3},"condition"]
2022-04-13T11:23:35.623Z - info: 	[{"id":3},"condition"]
2022-04-13T11:23:35.635Z - info: 	[{"id":4},"condition"]
2022-04-13T11:23:35.648Z - info: 	[{"id":4},"condition"]
2022-04-13T11:23:35.656Z - info: 	[{"id":4},"condition"]
2022-04-13T11:23:35.666Z - info: 	[{"id":4},"condition"]
2022-04-13T11:23:35.677Z - info: 	[{"id":4},"condition"]
2022-04-13T11:23:35.688Z - info: 	[{"id":4},"condition"]
2022-04-13T11:23:35.701Z - info: 	[{"id":4},"condition"]
2022-04-13T11:23:35.715Z - info: 	[{"id":10},"condition"]
2022-04-13T11:23:35.721Z - info: 	[{"id":10},"condition"]
2022-04-13T11:23:35.731Z - info: 	[{"id":10},"condition"]
2022-04-13T11:23:35.738Z - info: 	[{"id":10},"condition"]
2022-04-13T11:23:35.747Z - info: 	[{"id":10},"condition"]
2022-04-13T11:23:35.754Z - info: 	[{"id":10},"condition"]
2022-04-13T11:23:35.770Z - info: 	[{"id":10},"condition"]
2022-04-13T11:23:35.835Z - info: 	[{"id":2},"condition"]
2022-04-13T11:23:35.840Z - info: 	[{"id":2},"condition"]
2022-04-13T11:23:35.847Z - info: 	[{"id":2},"condition"]
2022-04-13T11:23:35.853Z - info: 	[{"id":2},"condition"]
2022-04-13T11:23:35.868Z - info: 	[{"id":10},"condition"]
2022-04-13T11:23:35.874Z - info: 	[{"id":2},"condition"]
2022-04-13T11:23:35.881Z - info: 	[{"id":2},"condition"]
2022-04-13T11:23:35.888Z - info: 	[{"id":2},"condition"]
2022-04-13T11:23:35.930Z - info: 	[{"id":2},"condition"]
2022-04-13T11:23:35.954Z - info: 	[{"id":4},"condition"]
2022-04-13T11:23:35.996Z - info: 	[{"id":2},"condition"]
2022-04-13T11:23:36.013Z - info: 	[{"id":4},"condition"]
2022-04-13T11:23:36.041Z - info: 	[{"id":2},"condition"]
2022-04-13T11:23:36.047Z - info: 	[{"id":2},"condition"]
2022-04-13T11:23:36.084Z - info: 	[{"id":2},"condition"]
2022-04-13T11:23:36.089Z - info: 	[{"id":2},"condition"]
2022-04-13T11:23:36.129Z - info: 	[{"id":4},"condition"]
2022-04-13T11:23:36.134Z - error: 	["additionalInformation",{"statusCode":403,"name":"ForbiddenError"}]
2022-04-13T11:23:36.140Z - info: 	[{"id":2},"condition"]
2022-04-13T11:23:36.151Z - info: 	[{"id":2},"condition"]
2022-04-13T11:23:36.178Z - info: 	[{"id":2},"condition"]
2022-04-13T11:23:36.189Z - info: 	[{"id":2},"condition"]
2022-04-13T11:23:36.203Z - info: 	[{"id":2},"condition"]
2022-04-13T11:23:36.280Z - info: 	[{"id":2},"condition"]
2022-04-13T11:23:36.290Z - info: 	[{"id":2},"condition"]
2022-04-13T11:23:36.292Z - error: 	["additionalInformation",{"statusCode":422,"name":"UnProcessableError"}]
2022-04-13T11:23:36.300Z - info: 	[{"id":3},"condition"]
2022-04-13T11:23:36.308Z - info: 	[{"id":3},"condition"]
2022-04-13T11:23:36.314Z - error: 	["additionalInformation",{"statusCode":422,"name":"UnProcessableError"}]
2022-04-13T11:23:36.321Z - info: 	[{"id":4},"condition"]
2022-04-13T11:23:36.324Z - error: 	["additionalInformation",{"statusCode":403,"name":"ForbiddenError"}]
2022-04-13T11:23:36.329Z - info: 	[{"id":4},"condition"]
2022-04-13T11:23:36.341Z - info: 	[{"id":4},"condition"]
2022-04-13T11:23:36.345Z - error: 	["additionalInformation",{"statusCode":422,"name":"UnProcessableError"}]
2022-04-13T11:23:36.352Z - info: 	[{"id":10},"condition"]
2022-04-13T11:23:36.362Z - info: 	[{"id":13},"condition"]
2022-04-13T11:23:36.370Z - info: 	[{"id":10},"condition"]
2022-04-13T11:23:36.373Z - error: 	["additionalInformation",{"statusCode":422,"name":"UnProcessableError"}]
2022-04-13T11:23:36.420Z - info: 	[{"id":2},"condition"]
2022-04-13T11:23:36.425Z - info: 	[{"id":2},"condition"]
2022-04-13T11:23:36.431Z - info: 	[{"id":2},"condition"]
2022-04-13T11:23:36.439Z - info: 	[{"id":2},"condition"]
2022-04-13T11:23:36.445Z - info: 	[{"id":10,"role":4},"patchCustomerStatus"]
2022-04-13T11:23:36.445Z - info: 	[{"id":10,"role":4},"condition"]
2022-04-13T11:23:36.467Z - info: 	[{"id":2},"condition"]
2022-04-13T11:23:36.471Z - info: 	[{"id":23,"role":4},"patchCustomerStatus"]
2022-04-13T11:23:36.471Z - info: 	[{"id":23,"role":4},"condition"]
2022-04-13T11:23:36.483Z - info: 	[{"id":2},"condition"]
2022-04-13T11:23:36.488Z - info: 	[{"id":10,"role":4},"patchCustomerStatus"]
2022-04-13T11:23:36.488Z - info: 	[{"id":10,"role":4},"condition"]
2022-04-13T11:23:36.499Z - info: 	[{"id":2},"condition"]
2022-04-13T11:23:36.505Z - info: 	[{"id":10,"role":4},"patchCustomerStatus"]
2022-04-13T11:23:36.505Z - info: 	[{"id":10,"role":4},"condition"]
2022-04-13T11:23:36.518Z - info: 	[{"id":3},"condition"]
2022-04-13T11:23:36.522Z - info: 	[{"id":10,"role":4},"patchCustomerStatus"]
2022-04-13T11:23:36.522Z - info: 	[{"id":10,"role":4},"condition"]
2022-04-13T11:23:36.533Z - info: 	[{"id":3},"condition"]
2022-04-13T11:23:36.538Z - info: 	[{"id":10,"role":4},"patchCustomerStatus"]
2022-04-13T11:23:36.538Z - info: 	[{"id":10,"role":4},"condition"]
2022-04-13T11:23:36.551Z - info: 	[{"id":3},"condition"]
2022-04-13T11:23:36.556Z - info: 	[{"id":10,"role":4},"patchCustomerStatus"]
2022-04-13T11:23:36.556Z - info: 	[{"id":10,"role":4},"condition"]
2022-04-13T11:23:36.566Z - info: 	[{"id":4},"condition"]
2022-04-13T11:23:36.570Z - info: 	[{"id":10,"role":4},"patchCustomerStatus"]
2022-04-13T11:23:36.570Z - info: 	[{"id":10,"role":4},"condition"]
2022-04-13T11:23:36.572Z - error: 	["additionalInformation",{"statusCode":403,"name":"ForbiddenError"}]
2022-04-13T11:23:36.576Z - info: 	[{"id":4},"condition"]
2022-04-13T11:23:36.583Z - info: 	[{"id":21,"role":4},"patchCustomerStatus"]
2022-04-13T11:23:36.583Z - info: 	[{"id":21,"role":4},"condition"]
2022-04-13T11:23:36.597Z - info: 	[{"id":4},"condition"]
2022-04-13T11:23:36.601Z - info: 	[{"id":21,"role":4},"patchCustomerStatus"]
2022-04-13T11:23:36.602Z - info: 	[{"id":21,"role":4},"condition"]
2022-04-13T11:23:36.620Z - info: 	[{"id":4},"condition"]
2022-04-13T11:23:36.625Z - info: 	[{"id":21,"role":4},"patchCustomerStatus"]
2022-04-13T11:23:36.625Z - info: 	[{"id":21,"role":4},"condition"]
2022-04-13T11:23:36.636Z - info: 	[{"id":10},"condition"]
2022-04-13T11:23:36.643Z - info: 	[{"id":10},"condition"]
2022-04-13T11:23:36.649Z - info: 	[{"id":10},"condition"]
2022-04-13T11:23:36.695Z - info: 	[{"id":2},"condition"]
2022-04-13T11:23:36.710Z - info: 	[{"id":2},"condition"]
2022-04-13T11:23:36.724Z - info: 	[{"id":2},"condition"]
2022-04-13T11:23:36.729Z - error: 	["additionalInformation",{"statusCode":422,"name":"UnProcessableError"}]
2022-04-13T11:23:36.735Z - info: 	[{"id":2},"condition"]
2022-04-13T11:23:36.737Z - error: 	["additionalInformation",{"statusCode":422,"name":"UnProcessableError"}]
2022-04-13T11:23:36.741Z - info: 	[{"id":3},"condition"]
2022-04-13T11:23:36.759Z - info: 	[{"id":3},"condition"]
2022-04-13T11:23:36.764Z - error: 	["additionalInformation",{"statusCode":422,"name":"UnProcessableError"}]
2022-04-13T11:23:36.772Z - info: 	[{"id":3},"condition"]
2022-04-13T11:23:36.774Z - error: 	["additionalInformation",{"statusCode":422,"name":"UnProcessableError"}]
2022-04-13T11:23:36.783Z - info: 	[{"id":4},"condition"]
2022-04-13T11:23:36.787Z - error: 	["additionalInformation",{"statusCode":403,"name":"ForbiddenError"}]
2022-04-13T11:23:36.791Z - info: 	[{"id":4},"condition"]
2022-04-13T11:23:36.809Z - info: 	[{"id":4},"condition"]
2022-04-13T11:23:36.814Z - error: 	["additionalInformation",{"statusCode":422,"name":"UnProcessableError"}]
2022-04-13T11:23:36.819Z - info: 	[{"id":4},"condition"]
2022-04-13T11:23:36.821Z - error: 	["additionalInformation",{"statusCode":422,"name":"UnProcessableError"}]
2022-04-13T11:23:36.826Z - info: 	[{"id":4},"condition"]
2022-04-13T11:23:36.834Z - error: 	["additionalInformation",{"statusCode":403,"name":"ForbiddenError"}]
2022-04-13T11:23:36.839Z - info: 	[{"id":10},"condition"]
2022-04-13T11:23:36.893Z - info: 	[{"id":2},"condition"]
2022-04-13T11:23:36.902Z - info: 	[{"id":2},"condition"]
2022-04-13T11:23:36.910Z - info: 	[{"id":2},"condition"]
2022-04-13T11:23:36.923Z - info: 	[{"id":2},"condition"]
2022-04-13T11:23:36.930Z - info: 	[{"id":2},"condition"]
2022-04-13T11:23:36.947Z - info: 	[{"id":3},"condition"]
2022-04-13T11:23:36.959Z - info: 	[{"id":3},"condition"]
2022-04-13T11:23:36.973Z - info: 	[{"id":3},"condition"]
2022-04-13T11:23:36.986Z - info: 	[{"id":3},"condition"]
2022-04-13T11:23:36.992Z - info: 	[{"id":3},"condition"]
2022-04-13T11:23:37.006Z - info: 	[{"id":4},"condition"]
2022-04-13T11:23:37.009Z - error: 	["additionalInformation",{"statusCode":403,"name":"ForbiddenError"}]
2022-04-13T11:23:37.020Z - info: 	[{"id":4},"condition"]
2022-04-13T11:23:37.024Z - error: 	["additionalInformation",{"statusCode":403,"name":"ForbiddenError"}]
2022-04-13T11:23:37.032Z - info: 	[{"id":4},"condition"]
2022-04-13T11:23:37.035Z - error: 	["additionalInformation",{"statusCode":403,"name":"ForbiddenError"}]
2022-04-13T11:23:37.039Z - info: 	[{"id":4},"condition"]
2022-04-13T11:23:37.047Z - info: 	[{"id":4},"condition"]
2022-04-13T11:23:37.058Z - info: 	[{"id":10},"condition"]
2022-04-13T11:23:37.070Z - info: 	[{"id":10},"condition"]
2022-04-13T11:23:37.076Z - info: 	[{"id":10},"condition"]
2022-04-13T11:23:37.085Z - info: 	[{"id":10},"condition"]
2022-04-13T11:23:37.090Z - info: 	[{"id":10},"condition"]
2022-04-13T11:23:37.153Z - info: 	[{"id":2},"condition"]
2022-04-13T11:23:37.162Z - info: 	[{"id":2},"condition"]
2022-04-13T11:23:37.167Z - info: 	[{"id":"26"},"condition"]
2022-04-13T11:23:37.172Z - info: 	[{"id":"26"},"condition"]
2022-04-13T11:23:37.179Z - info: 	[{"id":2},"condition"]
2022-04-13T11:23:37.185Z - info: 	[{"id":2},"condition"]
2022-04-13T11:23:37.190Z - info: 	[{"id":2},"condition"]
2022-04-13T11:23:37.196Z - error: 	["additionalInformation",{"statusCode":403,"name":"ForbiddenError"}]
2022-04-13T11:23:37.202Z - info: 	[{"id":3},"condition"]
2022-04-13T11:23:37.206Z - info: 	[{"id":"26"},"condition"]
2022-04-13T11:23:37.209Z - info: 	[{"id":"26"},"condition"]
2022-04-13T11:23:37.218Z - info: 	[{"id":3},"condition"]
2022-04-13T11:23:37.223Z - info: 	[{"id":3},"condition"]
2022-04-13T11:23:37.231Z - info: 	[{"id":3},"condition"]
2022-04-13T11:23:37.236Z - error: 	["additionalInformation",{"statusCode":403,"name":"ForbiddenError"}]
2022-04-13T11:23:37.240Z - info: 	[{"id":4},"condition"]
2022-04-13T11:23:37.246Z - error: 	["additionalInformation",{"statusCode":403,"name":"ForbiddenError"}]
2022-04-13T11:23:37.250Z - info: 	[{"id":4},"condition"]
2022-04-13T11:23:37.256Z - info: 	[{"id":4},"condition"]
2022-04-13T11:23:37.264Z - info: 	[{"id":4},"condition"]
2022-04-13T11:23:37.271Z - error: 	["additionalInformation",{"statusCode":403,"name":"ForbiddenError"}]
2022-04-13T11:23:37.285Z - info: 	[{"id":10},"condition"]
2022-04-13T11:23:37.290Z - info: 	[{"id":10},"condition"]
2022-04-13T11:23:37.299Z - info: 	[{"id":10},"condition"]
2022-04-13T11:23:37.304Z - info: 	[{"id":10},"condition"]
2022-04-13T11:23:37.362Z - info: 	[{"id":2},"condition"]
2022-04-13T11:23:37.368Z - info: 	[{"id":2},"condition"]
2022-04-13T11:23:37.375Z - info: 	[{"id":2},"condition"]
2022-04-13T11:23:37.380Z - info: 	[{"id":"26"},"patchUserStatus"]
2022-04-13T11:23:37.380Z - info: 	[{"id":"26"},"condition"]
2022-04-13T11:23:37.392Z - info: 	[{"id":2},"condition"]
2022-04-13T11:23:37.398Z - info: 	[{"id":"26"},"patchUserStatus"]
2022-04-13T11:23:37.398Z - info: 	[{"id":"26"},"condition"]
2022-04-13T11:23:37.403Z - info: 	[{"id":2},"condition"]
2022-04-13T11:23:37.408Z - info: 	[{"id":2},"condition"]
2022-04-13T11:23:37.417Z - info: 	[{"id":2},"condition"]
2022-04-13T11:23:37.420Z - info: 	[{"id":"26"},"patchUserStatus"]
2022-04-13T11:23:37.421Z - info: 	[{"id":"26"},"condition"]
2022-04-13T11:23:37.423Z - error: 	["additionalInformation",{"statusCode":403,"name":"ForbiddenError"}]
2022-04-13T11:23:37.428Z - info: 	[{"id":3},"condition"]
2022-04-13T11:23:37.432Z - info: 	[{"id":"26"},"patchUserStatus"]
2022-04-13T11:23:37.433Z - info: 	[{"id":"26"},"condition"]
2022-04-13T11:23:37.443Z - info: 	[{"id":3},"condition"]
2022-04-13T11:23:37.447Z - info: 	[{"id":"26"},"patchUserStatus"]
2022-04-13T11:23:37.447Z - info: 	[{"id":"26"},"condition"]
2022-04-13T11:23:37.455Z - info: 	[{"id":3},"condition"]
2022-04-13T11:23:37.460Z - info: 	[{"id":3},"condition"]
2022-04-13T11:23:37.467Z - info: 	[{"id":3},"condition"]
2022-04-13T11:23:37.471Z - info: 	[{"id":"26"},"patchUserStatus"]
2022-04-13T11:23:37.471Z - info: 	[{"id":"26"},"condition"]
2022-04-13T11:23:37.473Z - error: 	["additionalInformation",{"statusCode":403,"name":"ForbiddenError"}]
2022-04-13T11:23:37.481Z - info: 	[{"id":4},"condition"]
2022-04-13T11:23:37.485Z - info: 	[{"id":"26"},"patchUserStatus"]
2022-04-13T11:23:37.485Z - info: 	[{"id":"26"},"condition"]
2022-04-13T11:23:37.488Z - error: 	["additionalInformation",{"statusCode":403,"name":"ForbiddenError"}]
2022-04-13T11:23:37.492Z - info: 	[{"id":4},"condition"]
2022-04-13T11:23:37.496Z - info: 	[{"id":"27"},"patchUserStatus"]
2022-04-13T11:23:37.496Z - info: 	[{"id":"27"},"condition"]
2022-04-13T11:23:37.510Z - info: 	[{"id":4},"condition"]
2022-04-13T11:23:37.518Z - info: 	[{"id":"27"},"patchUserStatus"]
2022-04-13T11:23:37.519Z - info: 	[{"id":"27"},"condition"]
2022-04-13T11:23:37.528Z - info: 	[{"id":4},"condition"]
2022-04-13T11:23:37.532Z - info: 	[{"id":"27"},"patchUserStatus"]
2022-04-13T11:23:37.532Z - info: 	[{"id":"27"},"condition"]
2022-04-13T11:23:37.543Z - info: 	[{"id":4},"condition"]
2022-04-13T11:23:37.550Z - info: 	[{"id":4},"condition"]
2022-04-13T11:23:37.556Z - info: 	[{"id":4},"condition"]
2022-04-13T11:23:37.559Z - info: 	[{"id":"26"},"patchUserStatus"]
2022-04-13T11:23:37.559Z - info: 	[{"id":"26"},"condition"]
2022-04-13T11:23:37.565Z - error: 	["additionalInformation",{"statusCode":403,"name":"ForbiddenError"}]
2022-04-13T11:23:37.569Z - info: 	[{"id":10},"condition"]
2022-04-13T11:23:37.574Z - info: 	[{"id":10},"condition"]
2022-04-13T11:23:37.583Z - info: 	[{"id":10},"condition"]
2022-04-13T11:23:37.588Z - info: 	[{"id":10},"condition"]
2022-04-13T11:23:37.593Z - info: 	[{"id":10},"condition"]
2022-04-13T11:23:37.606Z - info: 	[{"id":10},"condition"]
2022-04-13T11:23:37.658Z - info: 	[{"id":2},"condition"]
2022-04-13T11:23:37.672Z - info: 	[{"id":2},"condition"]
2022-04-13T11:23:37.686Z - info: 	[{"id":2},"condition"]
2022-04-13T11:23:37.699Z - info: 	[{"id":2},"condition"]
2022-04-13T11:23:37.707Z - info: 	[{"id":3},"condition"]
2022-04-13T11:23:37.721Z - info: 	[{"id":3},"condition"]
2022-04-13T11:23:37.735Z - info: 	[{"id":3},"condition"]
2022-04-13T11:23:37.741Z - info: 	[{"id":3},"condition"]
2022-04-13T11:23:37.752Z - info: 	[{"id":4},"condition"]
2022-04-13T11:23:37.757Z - error: 	["additionalInformation",{"statusCode":403,"name":"ForbiddenError"}]
2022-04-13T11:23:37.763Z - info: 	[{"id":4},"condition"]
2022-04-13T11:23:37.770Z - error: 	["additionalInformation",{"statusCode":403,"name":"ForbiddenError"}]
2022-04-13T11:23:37.774Z - info: 	[{"id":4},"condition"]
2022-04-13T11:23:37.791Z - info: 	[{"id":4},"condition"]
2022-04-13T11:23:37.813Z - info: 	[{"id":4},"condition"]
2022-04-13T11:23:37.818Z - error: 	["additionalInformation",{"statusCode":403,"name":"ForbiddenError"}]
2022-04-13T11:23:37.822Z - info: 	[{"id":4},"condition"]
2022-04-13T11:23:37.826Z - error: 	["additionalInformation",{"statusCode":403,"name":"ForbiddenError"}]
2022-04-13T11:23:37.835Z - info: 	[{"id":4},"condition"]
2022-04-13T11:23:37.841Z - info: 	[{"id":4},"condition"]
2022-04-13T11:23:37.847Z - error: 	["additionalInformation",{"statusCode":403,"name":"ForbiddenError"}]
2022-04-13T11:23:37.854Z - info: 	[{"id":10},"condition"]
2022-04-13T11:23:37.859Z - info: 	[{"id":10},"condition"]
2022-04-13T11:23:37.869Z - info: 	[{"id":10},"condition"]
2022-04-13T11:23:37.874Z - info: 	[{"id":10},"condition"]
2022-04-13T11:23:37.884Z - info: 	[{"id":10},"condition"]
2022-04-13T11:23:37.982Z - info: 	[{"id":2},"condition"]
2022-04-13T11:23:37.994Z - info: 	[{"id":2},"condition"]
2022-04-13T11:23:38.003Z - info: 	[{"id":2},"condition"]
2022-04-13T11:23:38.024Z - info: 	[{"id":2},"condition"]
2022-04-13T11:23:38.036Z - info: 	[{"id":2},"condition"]
2022-04-13T11:23:38.045Z - info: 	[{"id":2},"condition"]
2022-04-13T11:23:38.055Z - info: 	[{"id":2},"condition"]
2022-04-13T11:23:38.066Z - info: 	[{"id":2},"condition"]
2022-04-13T11:23:38.079Z - info: 	[{"id":2},"condition"]
2022-04-13T11:23:38.086Z - info: 	[{"id":2},"condition"]
2022-04-13T11:23:38.092Z - info: 	[{"id":3},"condition"]
2022-04-13T11:23:38.108Z - info: 	[{"id":3},"condition"]
2022-04-13T11:23:38.120Z - info: 	[{"id":3},"condition"]
2022-04-13T11:23:38.130Z - info: 	[{"id":3},"condition"]
2022-04-13T11:23:38.139Z - info: 	[{"id":3},"condition"]
2022-04-13T11:23:38.155Z - info: 	[{"id":3},"condition"]
2022-04-13T11:23:38.168Z - info: 	[{"id":3},"condition"]
2022-04-13T11:23:38.174Z - info: 	[{"id":3},"condition"]
2022-04-13T11:23:38.183Z - info: 	[{"id":4},"condition"]
2022-04-13T11:23:38.192Z - info: 	[{"id":4},"condition"]
2022-04-13T11:23:38.200Z - error: 	["additionalInformation",{"statusCode":403,"name":"ForbiddenError"}]
2022-04-13T11:23:38.203Z - info: 	[{"id":4},"condition"]
2022-04-13T11:23:38.207Z - error: 	["additionalInformation",{"statusCode":403,"name":"ForbiddenError"}]
2022-04-13T11:23:38.211Z - info: 	[{"id":4},"condition"]
2022-04-13T11:23:38.223Z - info: 	[{"id":4},"condition"]
2022-04-13T11:23:38.235Z - info: 	[{"id":4},"condition"]
2022-04-13T11:23:38.246Z - info: 	[{"id":4},"condition"]
2022-04-13T11:23:38.257Z - info: 	[{"id":4},"condition"]
2022-04-13T11:23:38.272Z - info: 	[{"id":4},"condition"]
2022-04-13T11:23:38.278Z - info: 	[{"id":4},"condition"]
2022-04-13T11:23:38.287Z - info: 	[{"id":10},"condition"]
2022-04-13T11:23:38.304Z - info: 	[{"id":10},"condition"]
2022-04-13T11:23:38.320Z - info: 	[{"id":10},"condition"]
2022-04-13T11:23:38.335Z - info: 	[{"id":10},"condition"]
2022-04-13T11:23:38.343Z - info: 	[{"id":10},"condition"]
2022-04-13T11:23:38.356Z - info: 	[{"id":10},"condition"]
2022-04-13T11:23:38.369Z - info: 	[{"id":10},"condition"]
2022-04-13T11:23:38.379Z - info: 	[{"id":10},"condition"]
2022-04-13T11:23:38.387Z - info: 	[{"id":10},"condition"]
2022-04-13T11:23:38.451Z - info: 	[{"id":2},"condition"]
2022-04-13T11:23:38.476Z - info: 	[{"id":2},"condition"]
2022-04-13T11:23:38.482Z - error: 	["additionalInformation",{"statusCode":422,"name":"UnProcessableError"}]
2022-04-13T11:23:38.485Z - info: 	[{"id":2},"condition"]
2022-04-13T11:23:38.488Z - error: 	["additionalInformation",{"statusCode":422,"name":"UnProcessableError"}]
2022-04-13T11:23:38.491Z - info: 	[{"id":2},"condition"]
2022-04-13T11:23:38.496Z - error: 	["additionalInformation",{"statusCode":422,"name":"UnProcessableError"}]
2022-04-13T11:23:38.501Z - info: 	[{"id":2},"condition"]
2022-04-13T11:23:38.538Z - info: 	[{"id":2},"condition"]
2022-04-13T11:23:38.545Z - info: 	[{"id":3},"condition"]
2022-04-13T11:23:38.565Z - info: 	[{"id":3},"condition"]
2022-04-13T11:23:38.602Z - error: 	["additionalInformation",{"statusCode":422,"name":"UnProcessableError"}]
2022-04-13T11:23:38.613Z - info: 	[{"id":3},"condition"]
2022-04-13T11:23:38.695Z - error: 	["additionalInformation",{"statusCode":422,"name":"UnProcessableError"}]
2022-04-13T11:23:38.702Z - info: 	[{"id":3},"condition"]
2022-04-13T11:23:38.704Z - error: 	["additionalInformation",{"statusCode":422,"name":"UnProcessableError"}]
2022-04-13T11:23:38.715Z - info: 	[{"id":3},"condition"]
2022-04-13T11:23:38.747Z - info: 	[{"id":3},"condition"]
2022-04-13T11:23:38.756Z - info: 	[{"id":4},"condition"]
2022-04-13T11:23:38.761Z - error: 	["additionalInformation",{"statusCode":403,"name":"ForbiddenError"}]
2022-04-13T11:23:38.813Z - info: 	[{"id":2},"condition"]
2022-04-13T11:23:38.868Z - info: 	[{"id":2},"condition"]
2022-04-13T11:23:38.871Z - error: 	["additionalInformation",{"statusCode":422,"name":"UnProcessableError"}]
2022-04-13T11:23:38.878Z - info: 	[{"id":2},"condition"]
2022-04-13T11:23:38.883Z - error: 	["additionalInformation",{"statusCode":422,"name":"UnProcessableError"}]
2022-04-13T11:23:38.887Z - info: 	[{"id":2},"condition"]
2022-04-13T11:23:38.889Z - error: 	["additionalInformation",{"statusCode":422,"name":"UnProcessableError"}]
2022-04-13T11:23:38.893Z - info: 	[{"id":2},"condition"]
2022-04-13T11:23:38.903Z - info: 	[{"id":3},"condition"]
2022-04-13T11:23:38.906Z - error: 	["additionalInformation",{"statusCode":422,"name":"UnProcessableError"}]
2022-04-13T11:23:38.912Z - info: 	[{"id":3},"condition"]
2022-04-13T11:23:38.918Z - error: 	["additionalInformation",{"statusCode":422,"name":"UnProcessableError"}]
2022-04-13T11:23:38.923Z - info: 	[{"id":3},"condition"]
2022-04-13T11:23:38.928Z - error: 	["additionalInformation",{"statusCode":422,"name":"UnProcessableError"}]
2022-04-13T11:23:38.935Z - info: 	[{"id":3},"condition"]
2022-04-13T11:23:38.946Z - info: 	[{"id":4},"condition"]
2022-04-13T11:23:38.954Z - error: 	["additionalInformation",{"statusCode":422,"name":"UnProcessableError"}]
2022-04-13T11:23:38.963Z - info: 	[{"id":4},"condition"]
2022-04-13T11:23:38.971Z - error: 	["additionalInformation",{"statusCode":422,"name":"UnProcessableError"}]
2022-04-13T11:23:38.976Z - info: 	[{"id":4},"condition"]
2022-04-13T11:23:38.982Z - error: 	["additionalInformation",{"statusCode":422,"name":"UnProcessableError"}]
2022-04-13T11:23:38.993Z - info: 	[{"id":4},"condition"]
2022-04-13T11:23:39.000Z - error: 	["additionalInformation",{"statusCode":422,"name":"UnProcessableError"}]
2022-04-13T11:23:39.007Z - info: 	[{"id":4},"condition"]
2022-04-13T11:23:39.042Z - info: 	[{"id":10},"condition"]
2022-04-13T11:23:39.050Z - info: 	[{"id":10},"condition"]
2022-04-13T11:23:39.055Z - info: 	[{"id":10},"condition"]
2022-04-13T11:23:39.062Z - info: 	[{"id":10},"condition"]
2022-04-13T11:23:39.124Z - info: 	[{"id":2},"condition"]
2022-04-13T11:23:39.134Z - info: 	[{"id":2},"condition"]
2022-04-13T11:23:39.140Z - info: 	[{"id":2},"condition"]
2022-04-13T11:23:39.155Z - info: 	[{"id":3},"condition"]
2022-04-13T11:23:39.168Z - info: 	[{"id":3},"condition"]
2022-04-13T11:23:39.174Z - info: 	[{"id":3},"condition"]
2022-04-13T11:23:39.186Z - info: 	[{"id":4},"condition"]
2022-04-13T11:23:39.191Z - info: 	[{"id":4},"condition"]
2022-04-13T11:23:39.205Z - info: 	[{"id":10},"condition"]
2022-04-13T11:23:39.212Z - info: 	[{"id":10},"condition"]
2022-04-13T11:23:39.265Z - info: 	[{"id":2},"condition"]
2022-04-13T11:23:39.278Z - info: 	[{"id":2},"condition"]
2022-04-13T11:23:39.288Z - info: 	[{"id":2},"condition"]
2022-04-13T11:23:39.299Z - info: 	[{"id":2},"condition"]
2022-04-13T11:23:39.309Z - info: 	[{"id":2},"condition"]
2022-04-13T11:23:39.322Z - info: 	[{"id":3},"condition"]
2022-04-13T11:23:39.333Z - info: 	[{"id":3},"condition"]
2022-04-13T11:23:39.340Z - info: 	[{"id":3},"condition"]
2022-04-13T11:23:39.353Z - info: 	[{"id":3},"condition"]
2022-04-13T11:23:39.366Z - info: 	[{"id":2},"condition"]
2022-04-13T11:23:39.373Z - info: 	[{"id":4},"condition"]
2022-04-13T11:23:39.384Z - info: 	[{"id":4},"condition"]
2022-04-13T11:23:39.403Z - info: 	[{"id":4},"condition"]
2022-04-13T11:23:39.408Z - info: 	[{"id":4},"condition"]
2022-04-13T11:23:39.415Z - info: 	[{"id":2},"condition"]
2022-04-13T11:23:39.423Z - info: 	[{"id":10},"condition"]
2022-04-13T11:23:39.432Z - info: 	[{"id":10},"condition"]
2022-04-13T11:23:39.438Z - info: 	[{"id":10},"condition"]
2022-04-13T11:23:39.446Z - info: 	[{"id":10},"condition"]
2022-04-13T11:23:39.455Z - info: 	[{"id":2},"condition"]
2022-04-13T11:23:39.553Z - info: 	[{"id":2},"condition"]
2022-04-13T11:23:39.569Z - info: 	[{"id":2},"condition"]
2022-04-13T11:23:39.576Z - info: 	[{"id":2},"condition"]
2022-04-13T11:23:39.591Z - info: 	[{"id":2},"condition"]
2022-04-13T11:23:39.606Z - info: 	[{"id":2},"condition"]
2022-04-13T11:23:39.615Z - info: 	[{"id":2},"condition"]
2022-04-13T11:23:39.622Z - info: 	[{"id":3},"condition"]
2022-04-13T11:23:39.630Z - info: 	[{"id":3},"condition"]
2022-04-13T11:23:39.636Z - info: 	[{"id":3},"condition"]
2022-04-13T11:23:39.642Z - info: 	[{"id":3},"condition"]
2022-04-13T11:23:39.660Z - info: 	[{"id":3},"condition"]
2022-04-13T11:23:39.671Z - info: 	[{"id":3},"condition"]
2022-04-13T11:23:39.682Z - info: 	[{"id":4},"condition"]
2022-04-13T11:23:39.687Z - info: 	[{"id":4},"condition"]
2022-04-13T11:23:39.692Z - info: 	[{"id":4},"condition"]
2022-04-13T11:23:39.702Z - info: 	[{"id":4},"condition"]
2022-04-13T11:23:39.707Z - info: 	[{"id":4},"condition"]
2022-04-13T11:23:39.717Z - info: 	[{"id":4},"condition"]
2022-04-13T11:23:39.723Z - info: 	[{"id":10},"condition"]
2022-04-13T11:23:39.733Z - info: 	[{"id":10},"condition"]
2022-04-13T11:23:39.739Z - info: 	[{"id":10},"condition"]
2022-04-13T11:23:39.750Z - info: 	[{"id":10},"condition"]
2022-04-13T11:23:39.757Z - info: 	[{"id":10},"condition"]
2022-04-13T11:23:39.768Z - info: 	[{"id":10},"condition"]
2022-04-13T11:23:39.787Z - info: 	[{"id":3},"condition"]
2022-04-13T11:23:39.821Z - info: 	[{"id":4},"condition"]
2022-04-13T11:23:39.850Z - info: 	[{"id":10},"condition"]
2022-04-13T11:23:39.896Z - info: 	[{"email":"add_user_s_s@yopmail.com"},"condition"]
2022-04-13T11:23:39.900Z - info: 	[{"id":2},"condition"]
2022-04-13T11:23:39.907Z - info: 	[{"email":"add_user_s_s@yopmail.com"},"condition"]
2022-04-13T11:23:39.913Z - info: 	[{"id":2},"condition"]
2022-04-13T11:23:39.916Z - info: 	[{"id":"28"},"condition"]
2022-04-13T11:23:39.922Z - info: 	[{"id":"28"},"condition"]
2022-04-13T11:23:39.929Z - info: 	[{"email":"add_user_s_a@yopmail.com"},"condition"]
2022-04-13T11:23:39.932Z - info: 	[{"id":2},"condition"]
2022-04-13T11:23:39.937Z - info: 	[{"email":"add_user_s_a@yopmail.com"},"condition"]
2022-04-13T11:23:39.940Z - info: 	[{"id":2},"condition"]
2022-04-13T11:23:39.941Z - info: 	[{"id":"29"},"condition"]
2022-04-13T11:23:39.949Z - info: 	[{"id":"29"},"condition"]
2022-04-13T11:23:39.955Z - info: 	[{"email":"add_user_s_team@yopmail.com"},"condition"]
2022-04-13T11:23:39.958Z - info: 	[{"id":2},"condition"]
2022-04-13T11:23:39.959Z - info: 	[{"id":"30"},"condition"]
2022-04-13T11:23:39.965Z - info: 	[{"email":"add_user_s_team@yopmail.com"},"condition"]
2022-04-13T11:23:39.970Z - info: 	[{"id":2},"condition"]
2022-04-13T11:23:39.971Z - info: 	[{"id":"30"},"condition"]
2022-04-13T11:23:39.976Z - info: 	[{"id":"30"},"condition"]
2022-04-13T11:23:39.991Z - info: 	[{"id":2},"condition"]
2022-04-13T11:23:40.001Z - info: 	[{"email":"add_user_s_s@yopmail.com"},"condition"]
2022-04-13T11:23:40.005Z - info: 	[{"id":3},"condition"]
2022-04-13T11:23:40.007Z - info: 	[{"id":"28"},"condition"]
2022-04-13T11:23:40.008Z - error: 	["additionalInformation",{"statusCode":403,"name":"ForbiddenError"}]
2022-04-13T11:23:40.016Z - info: 	[{"email":"add_user_a_team@yopmail.com"},"condition"]
2022-04-13T11:23:40.020Z - info: 	[{"id":3},"condition"]
2022-04-13T11:23:40.022Z - info: 	[{"id":"31"},"condition"]
2022-04-13T11:23:40.032Z - info: 	[{"id":"31"},"condition"]
2022-04-13T11:23:40.040Z - info: 	[{"id":3},"condition"]
2022-04-13T11:23:40.051Z - info: 	[{"id":4},"condition"]
2022-04-13T11:23:40.056Z - info: 	[{"id":4},"condition"]
2022-04-13T11:23:40.066Z - info: 	[{"id":4},"condition"]
2022-04-13T11:23:40.071Z - info: 	[{"id":4},"condition"]
2022-04-13T11:23:40.079Z - info: 	[{"id":4},"condition"]
2022-04-13T11:23:40.087Z - info: 	[{"id":10},"condition"]
2022-04-13T11:23:40.092Z - info: 	[{"id":10},"condition"]
2022-04-13T11:23:40.102Z - info: 	[{"id":10},"condition"]
2022-04-13T11:23:40.107Z - info: 	[{"id":10},"condition"]
2022-04-13T11:23:40.116Z - info: 	[{"id":10},"condition"]
2022-04-13T11:23:40.120Z - info: 	[{"email":"superadmin@yopmail.com"},"condition"]
2022-04-13T11:23:40.138Z - info: 	[{"id":3},"condition"]
2022-04-13T11:23:40.139Z - info: 	[{"id":"2"},"condition"]
2022-04-13T11:23:40.140Z - error: 	["additionalInformation",{"statusCode":403,"name":"ForbiddenError"}]
2022-04-13T11:23:40.142Z - info: 	[{"email":"superadmin@yopmail.com"},"condition"]
2022-04-13T11:23:40.158Z - info: 	[{"id":3},"condition"]
2022-04-13T11:23:40.159Z - info: 	[{"id":"2"},"condition"]
2022-04-13T11:23:40.161Z - error: 	["additionalInformation",{"statusCode":403,"name":"ForbiddenError"}]
2022-04-13T11:23:40.164Z - info: 	[{"email":"admin@yopmail.com"},"condition"]
2022-04-13T11:23:40.186Z - info: 	[{"id":4},"condition"]
2022-04-13T11:23:40.189Z - info: 	[{"email":"admin@yopmail.com"},"condition"]
2022-04-13T11:23:40.201Z - info: 	[{"id":4},"condition"]
2022-04-13T11:23:40.204Z - info: 	[{"email":"teammember@yopmail.com"},"condition"]
2022-04-13T11:23:40.218Z - info: 	[{"id":4},"condition"]
2022-04-13T11:23:40.221Z - info: 	[{"email":"admin@yopmail.com"},"condition"]
2022-04-13T11:23:40.239Z - info: 	[{"id":10},"condition"]
2022-04-13T11:23:40.242Z - info: 	[{"email":"admin@yopmail.com"},"condition"]
2022-04-13T11:23:40.257Z - info: 	[{"id":10},"condition"]
2022-04-13T11:23:40.263Z - info: 	[{"email":"teammember@yopmail.com"},"condition"]
2022-04-13T11:23:40.276Z - info: 	[{"id":10},"condition"]
2022-04-13T11:23:40.451Z - info: 	[{"id":2},"condition"]
2022-04-13T11:23:40.452Z - info: 	[{"id":"13"},"condition"]
2022-04-13T11:23:40.464Z - info: 	[{"id":2},"condition"]
2022-04-13T11:23:40.466Z - info: 	[{"id":"13"},"condition"]
2022-04-13T11:23:40.476Z - info: 	[{"id":2},"condition"]
2022-04-13T11:23:40.483Z - info: 	[{"email":"add_user_a_team@yopmail.com"},"condition"]
2022-04-13T11:23:40.487Z - info: 	[{"id":3},"condition"]
2022-04-13T11:23:40.489Z - info: 	[{"id":"31"},"condition"]
2022-04-13T11:23:40.500Z - info: 	[{"email":"add_user_a_team@yopmail.com"},"condition"]
2022-04-13T11:23:40.505Z - info: 	[{"id":3},"condition"]
2022-04-13T11:23:40.506Z - info: 	[{"id":"31"},"condition"]
2022-04-13T11:23:40.519Z - info: 	[{"id":3},"condition"]
2022-04-13T11:23:40.524Z - info: 	[{"id":4},"condition"]
2022-04-13T11:23:40.532Z - info: 	[{"id":4},"condition"]
2022-04-13T11:23:40.538Z - info: 	[{"id":4},"condition"]
2022-04-13T11:23:40.544Z - info: 	[{"id":10},"condition"]
2022-04-13T11:23:40.551Z - info: 	[{"id":10},"condition"]
2022-04-13T11:23:40.555Z - info: 	[{"id":10},"condition"]
2022-04-13T11:23:40.559Z - info: 	[{"email":"superadmin@yopmail.com"},"condition"]
2022-04-13T11:23:40.576Z - info: 	[{"id":3},"condition"]
2022-04-13T11:23:40.579Z - info: 	[{"id":"2"},"condition"]
2022-04-13T11:23:40.581Z - error: 	["additionalInformation",{"statusCode":403,"name":"ForbiddenError"}]
2022-04-13T11:23:40.585Z - info: 	[{"email":"deactive_admin@yopmail.com"},"condition"]
2022-04-13T11:23:40.597Z - info: 	[{"id":3},"condition"]
2022-04-13T11:23:40.599Z - info: 	[{"id":"7"},"condition"]
2022-04-13T11:23:40.601Z - error: 	["additionalInformation",{"statusCode":403,"name":"ForbiddenError"}]
2022-04-13T11:23:40.604Z - info: 	[{"email":"superadmin@yopmail.com"},"condition"]
2022-04-13T11:23:40.618Z - info: 	[{"id":4},"condition"]
2022-04-13T11:23:40.620Z - info: 	[{"email":"admin@yopmail.com"},"condition"]
2022-04-13T11:23:40.637Z - info: 	[{"id":4},"condition"]
2022-04-13T11:23:40.642Z - info: 	[{"email":"superadmin@yopmail.com"},"condition"]
2022-04-13T11:23:40.659Z - info: 	[{"id":10},"condition"]
2022-04-13T11:23:40.709Z - info: 	[{"id":2},"condition"]
2022-04-13T11:23:40.712Z - info: 	[{"id":"13"},"condition"]
2022-04-13T11:23:40.723Z - info: 	[{"id":2},"condition"]
2022-04-13T11:23:40.725Z - info: 	[{"id":"13"},"condition"]
2022-04-13T11:23:40.738Z - info: 	[{"id":2},"condition"]
2022-04-13T11:23:40.739Z - info: 	[{"id":"13"},"condition"]
2022-04-13T11:23:40.746Z - info: 	[{"id":"13"},"patchSetPassword"]
2022-04-13T11:23:40.755Z - info: 	[{"email":"add_user_s_team@yopmail.com"},"condition"]
2022-04-13T11:23:40.758Z - info: 	[{"id":2},"condition"]
2022-04-13T11:23:40.760Z - info: 	[{"id":"30"},"condition"]
2022-04-13T11:23:40.770Z - info: 	[{"id":2},"condition"]
2022-04-13T11:23:40.774Z - info: 	[{"email":"superadmin@yopmail.com"},"condition"]
2022-04-13T11:23:40.792Z - info: 	[{"id":3},"condition"]
2022-04-13T11:23:40.793Z - info: 	[{"id":"2"},"condition"]
2022-04-13T11:23:40.795Z - error: 	["additionalInformation",{"statusCode":403,"name":"ForbiddenError"}]
2022-04-13T11:23:40.798Z - info: 	[{"email":"deactive_admin@yopmail.com"},"condition"]
2022-04-13T11:23:40.814Z - info: 	[{"id":3},"condition"]
2022-04-13T11:23:40.816Z - info: 	[{"id":"7"},"condition"]
2022-04-13T11:23:40.817Z - error: 	["additionalInformation",{"statusCode":403,"name":"ForbiddenError"}]
2022-04-13T11:23:40.820Z - info: 	[{"email":"superadmin@yopmail.com"},"condition"]
2022-04-13T11:23:40.838Z - info: 	[{"id":4},"condition"]
2022-04-13T11:23:40.841Z - info: 	[{"email":"admin@yopmail.com"},"condition"]
2022-04-13T11:23:40.857Z - info: 	[{"id":4},"condition"]
2022-04-13T11:23:40.864Z - info: 	[{"email":"superadmin@yopmail.com"},"condition"]
2022-04-13T11:23:40.879Z - info: 	[{"id":10},"condition"]
2022-04-13T11:23:40.933Z - info: 	[{"id":2},"condition"]
2022-04-13T11:23:40.935Z - info: 	[{"id":2},"condition"]
2022-04-13T11:23:40.939Z - info: 	[{"id":2},"condition"]
2022-04-13T11:23:40.945Z - info: 	[{"id":2},"condition"]
2022-04-13T11:23:40.956Z - info: 	[{"id":3},"condition"]
2022-04-13T11:23:40.957Z - info: 	[{"id":3},"condition"]
2022-04-13T11:23:40.967Z - info: 	[{"id":3},"condition"]
2022-04-13T11:23:40.974Z - info: 	[{"id":3},"condition"]
2022-04-13T11:23:40.986Z - info: 	[{"id":4},"condition"]
2022-04-13T11:23:40.988Z - info: 	[{"id":4},"condition"]
2022-04-13T11:23:40.991Z - info: 	[{"id":4},"condition"]
2022-04-13T11:23:41.001Z - info: 	[{"id":4},"condition"]
2022-04-13T11:23:41.007Z - info: 	[{"id":10},"condition"]
2022-04-13T11:23:41.008Z - info: 	[{"id":10},"condition"]
2022-04-13T11:23:41.015Z - info: 	[{"id":10},"condition"]
2022-04-13T11:23:41.020Z - info: 	[{"id":10},"condition"]
2022-04-13T11:23:41.086Z - info: 	[{"id":2},"condition"]
2022-04-13T11:23:41.087Z - info: 	[{"id":2},"condition"]
2022-04-13T11:23:41.094Z - info: 	[{"id":2},"condition"]
2022-04-13T11:23:41.101Z - info: 	[{"id":3},"condition"]
2022-04-13T11:23:41.103Z - info: 	[{"id":3},"condition"]
2022-04-13T11:23:41.107Z - info: 	[{"id":3},"condition"]
2022-04-13T11:23:41.115Z - info: 	[{"id":4},"condition"]
2022-04-13T11:23:41.117Z - info: 	[{"id":4},"condition"]
2022-04-13T11:23:41.121Z - info: 	[{"id":4},"condition"]
2022-04-13T11:23:41.129Z - info: 	[{"id":10},"condition"]
2022-04-13T11:23:41.134Z - info: 	[{"id":10},"condition"]
2022-04-13T11:23:41.139Z - info: 	[{"id":10},"condition"]
2022-04-13T11:23:41.200Z - info: 	[{"email":"superadmin@yopmail.com"},"condition"]
2022-04-13T11:23:41.205Z - info: 	[{"id":2},"condition"]
2022-04-13T11:23:41.207Z - info: 	[{"id":2},"setPassword"]
2022-04-13T11:23:41.207Z - info: 	[{"id":2},"condition"]
2022-04-13T11:23:41.215Z - info: 	[{"id":2},"condition"]
2022-04-13T11:23:41.218Z - info: 	[{"id":2},"setPassword"]
2022-04-13T11:23:41.218Z - info: 	[{"id":2},"condition"]
2022-04-13T11:23:41.223Z - info: 	[{"id":2},"condition"]
2022-04-13T11:23:41.231Z - info: 	[{"email":"admin@yopmail.com"},"condition"]
2022-04-13T11:23:41.238Z - info: 	[{"id":3},"condition"]
2022-04-13T11:23:41.241Z - info: 	[{"id":3},"setPassword"]
2022-04-13T11:23:41.241Z - info: 	[{"id":3},"condition"]
2022-04-13T11:23:41.254Z - info: 	[{"id":3},"condition"]
2022-04-13T11:23:41.255Z - info: 	[{"id":3},"setPassword"]
2022-04-13T11:23:41.255Z - info: 	[{"id":3},"condition"]
2022-04-13T11:23:41.259Z - info: 	[{"id":3},"setPassword"]
2022-04-13T11:23:41.269Z - info: 	[{"id":3},"condition"]
2022-04-13T11:23:41.273Z - info: 	[{"email":"teammember@yopmail.com"},"condition"]
2022-04-13T11:23:41.277Z - info: 	[{"id":4},"condition"]
2022-04-13T11:23:41.284Z - info: 	[{"id":4},"setPassword"]
2022-04-13T11:23:41.284Z - info: 	[{"id":4},"condition"]
2022-04-13T11:23:41.288Z - info: 	[{"id":4},"setPassword"]
2022-04-13T11:23:41.292Z - info: 	[{"id":4},"condition"]
2022-04-13T11:23:41.293Z - info: 	[{"id":4},"setPassword"]
2022-04-13T11:23:41.293Z - info: 	[{"id":4},"condition"]
2022-04-13T11:23:41.300Z - info: 	[{"id":4},"condition"]
2022-04-13T11:23:41.306Z - info: 	[{"email":"customer@yopmail.com"},"condition"]
2022-04-13T11:23:41.312Z - info: 	[{"id":10},"condition"]
2022-04-13T11:23:41.315Z - info: 	[{"id":10},"setPassword"]
2022-04-13T11:23:41.316Z - info: 	[{"id":10},"condition"]
2022-04-13T11:23:41.321Z - info: 	[{"id":10},"setPassword"]
2022-04-13T11:23:41.324Z - info: 	[{"id":10},"condition"]
2022-04-13T11:23:41.326Z - info: 	[{"id":10},"setPassword"]
2022-04-13T11:23:41.326Z - info: 	[{"id":10},"condition"]
2022-04-13T11:23:41.333Z - info: 	[{"id":10},"condition"]
2022-04-13T11:23:43.293Z - info: 	["logsModal:","Operation `logevents.insertOne()` buffering timed out after 10000ms"]
2022-04-13T11:23:43.320Z - info: 	["logsModal:","Operation `logevents.insertOne()` buffering timed out after 10000ms"]
2022-04-13T11:23:43.380Z - info: 	["logsModal:","Operation `logevents.insertOne()` buffering timed out after 10000ms"]
2022-04-13T11:23:43.402Z - info: 	["logsModal:","Operation `logevents.insertOne()` buffering timed out after 10000ms"]
2022-04-13T11:23:43.426Z - info: 	["logsModal:","Operation `logevents.insertOne()` buffering timed out after 10000ms"]
2022-04-13T11:23:43.483Z - info: 	["logsModal:","Operation `logevents.insertOne()` buffering timed out after 10000ms"]
2022-04-13T11:23:43.532Z - info: 	["logsModal:","Operation `logevents.insertOne()` buffering timed out after 10000ms"]
2022-04-13T11:23:43.572Z - info: 	["logsModal:","Operation `logevents.insertOne()` buffering timed out after 10000ms"]
2022-04-13T11:23:43.622Z - info: 	["logsModal:","Operation `logevents.insertOne()` buffering timed out after 10000ms"]
2022-04-13T11:23:43.724Z - info: 	["logsModal:","Operation `logevents.insertOne()` buffering timed out after 10000ms"]
2022-04-13T11:23:43.743Z - info: 	["logsModal:","Operation `logevents.insertOne()` buffering timed out after 10000ms"]
2022-04-13T11:23:43.760Z - info: 	["logsModal:","Operation `logevents.insertOne()` buffering timed out after 10000ms"]
2022-04-13T11:23:43.776Z - info: 	["logsModal:","Operation `logevents.insertOne()` buffering timed out after 10000ms"]
2022-04-13T11:23:43.787Z - info: 	["logsModal:","Operation `logevents.insertOne()` buffering timed out after 10000ms"]
2022-04-13T11:23:43.797Z - info: 	["logsModal:","Operation `logevents.insertOne()` buffering timed out after 10000ms"]
2022-04-13T11:23:43.808Z - info: 	["logsModal:","Operation `logevents.insertOne()` buffering timed out after 10000ms"]
2022-04-13T11:23:43.828Z - info: 	["logsModal:","Operation `logevents.insertOne()` buffering timed out after 10000ms"]
2022-04-13T11:23:43.855Z - info: 	["logsModal:","Operation `logevents.insertOne()` buffering timed out after 10000ms"]
2022-04-13T11:23:43.881Z - info: 	["logsModal:","Operation `logevents.insertOne()` buffering timed out after 10000ms"]
2022-04-13T11:23:43.903Z - info: 	["logsModal:","Operation `logevents.insertOne()` buffering timed out after 10000ms"]
2022-04-13T11:23:43.917Z - info: 	["logsModal:","Operation `logevents.insertOne()` buffering timed out after 10000ms"]
2022-04-13T11:23:43.957Z - info: 	["logsModal:","Operation `logevents.insertOne()` buffering timed out after 10000ms"]
2022-04-13T11:23:43.966Z - info: 	["logsModal:","Operation `logevents.insertOne()` buffering timed out after 10000ms"]
2022-04-13T11:23:43.991Z - info: 	["logsModal:","Operation `logevents.insertOne()` buffering timed out after 10000ms"]
2022-04-13T11:23:44.008Z - info: 	["logsModal:","Operation `logevents.insertOne()` buffering timed out after 10000ms"]
2022-04-13T11:23:44.029Z - info: 	["logsModal:","Operation `logevents.insertOne()` buffering timed out after 10000ms"]
2022-04-13T11:23:44.063Z - info: 	["logsModal:","Operation `logevents.insertOne()` buffering timed out after 10000ms"]
2022-04-13T11:23:44.075Z - info: 	["logsModal:","Operation `logevents.insertOne()` buffering timed out after 10000ms"]
2022-04-13T11:23:44.086Z - info: 	["logsModal:","Operation `logevents.insertOne()` buffering timed out after 10000ms"]
2022-04-13T11:23:44.172Z - info: 	["logsModal:","Operation `logevents.insertOne()` buffering timed out after 10000ms"]
2022-04-13T11:23:44.331Z - info: 	["logsModal:","Operation `logevents.insertOne()` buffering timed out after 10000ms"]
2022-04-13T11:23:44.363Z - info: 	["logsModal:","Operation `logevents.insertOne()` buffering timed out after 10000ms"]
2022-04-13T11:23:44.392Z - info: 	["logsModal:","Operation `logevents.insertOne()` buffering timed out after 10000ms"]
2022-04-13T11:23:44.438Z - info: 	["logsModal:","Operation `logevents.insertOne()` buffering timed out after 10000ms"]
2022-04-13T11:23:44.466Z - info: 	["logsModal:","Operation `logevents.insertOne()` buffering timed out after 10000ms"]
2022-04-13T11:23:44.489Z - info: 	["logsModal:","Operation `logevents.insertOne()` buffering timed out after 10000ms"]
2022-04-13T11:23:44.575Z - info: 	["logsModal:","Operation `logevents.insertOne()` buffering timed out after 10000ms"]
2022-04-13T11:23:44.637Z - info: 	["logsModal:","Operation `logevents.insertOne()` buffering timed out after 10000ms"]
2022-04-13T11:23:44.649Z - info: 	["logsModal:","Operation `logevents.insertOne()` buffering timed out after 10000ms"]
2022-04-13T11:23:44.658Z - info: 	["logsModal:","Operation `logevents.insertOne()` buffering timed out after 10000ms"]
2022-04-13T11:23:44.669Z - info: 	["logsModal:","Operation `logevents.insertOne()` buffering timed out after 10000ms"]
2022-04-13T11:23:44.710Z - info: 	["logsModal:","Operation `logevents.insertOne()` buffering timed out after 10000ms"]
2022-04-13T11:23:44.753Z - info: 	["logsModal:","Operation `logevents.insertOne()` buffering timed out after 10000ms"]
2022-04-13T11:23:44.935Z - info: 	["logsModal:","Operation `logevents.insertOne()` buffering timed out after 10000ms"]
2022-04-13T11:23:44.945Z - info: 	["logsModal:","Operation `logevents.insertOne()` buffering timed out after 10000ms"]
2022-04-13T11:23:44.956Z - info: 	["logsModal:","Operation `logevents.insertOne()` buffering timed out after 10000ms"]
2022-04-13T11:23:44.964Z - info: 	["logsModal:","Operation `logevents.insertOne()` buffering timed out after 10000ms"]
2022-04-13T11:23:45.223Z - info: 	["logsModal:","Operation `logevents.insertOne()` buffering timed out after 10000ms"]
2022-04-13T11:23:45.238Z - info: 	["logsModal:","Operation `logevents.insertOne()` buffering timed out after 10000ms"]
2022-04-13T11:23:45.250Z - info: 	["logsModal:","Operation `logevents.insertOne()` buffering timed out after 10000ms"]
2022-04-13T11:23:45.262Z - info: 	["logsModal:","Operation `logevents.insertOne()` buffering timed out after 10000ms"]
2022-04-13T11:23:45.336Z - info: 	["logsModal:","Operation `logevents.insertOne()` buffering timed out after 10000ms"]
2022-04-13T11:23:45.347Z - info: 	["logsModal:","Operation `logevents.insertOne()` buffering timed out after 10000ms"]
2022-04-13T11:23:45.355Z - info: 	["logsModal:","Operation `logevents.insertOne()` buffering timed out after 10000ms"]
2022-04-13T11:23:45.367Z - info: 	["logsModal:","Operation `logevents.insertOne()` buffering timed out after 10000ms"]
2022-04-13T11:23:45.420Z - info: 	["logsModal:","Operation `logevents.insertOne()` buffering timed out after 10000ms"]
2022-04-13T11:23:45.431Z - info: 	["logsModal:","Operation `logevents.insertOne()` buffering timed out after 10000ms"]
2022-04-13T11:23:45.440Z - info: 	["logsModal:","Operation `logevents.insertOne()` buffering timed out after 10000ms"]
2022-04-13T11:23:45.450Z - info: 	["logsModal:","Operation `logevents.insertOne()` buffering timed out after 10000ms"]
2022-04-13T11:23:45.797Z - info: 	["logsModal:","Operation `logevents.insertOne()` buffering timed out after 10000ms"]
2022-04-13T11:23:45.816Z - info: 	["logsModal:","Operation `logevents.insertOne()` buffering timed out after 10000ms"]
2022-04-13T11:23:45.824Z - info: 	["logsModal:","Operation `logevents.insertOne()` buffering timed out after 10000ms"]
2022-04-13T11:23:45.835Z - info: 	["logsModal:","Operation `logevents.insertOne()` buffering timed out after 10000ms"]
2022-04-13T11:23:45.868Z - info: 	["logsModal:","Operation `logevents.insertOne()` buffering timed out after 10000ms"]
2022-04-13T11:23:45.954Z - info: 	["logsModal:","Operation `logevents.insertOne()` buffering timed out after 10000ms"]
2022-04-13T11:23:45.993Z - info: 	["logsModal:","Operation `logevents.insertOne()` buffering timed out after 10000ms"]
2022-04-13T11:23:46.012Z - info: 	["logsModal:","Operation `logevents.insertOne()` buffering timed out after 10000ms"]
2022-04-13T11:23:46.039Z - info: 	["logsModal:","Operation `logevents.insertOne()` buffering timed out after 10000ms"]
2022-04-13T11:23:46.083Z - info: 	["logsModal:","Operation `logevents.insertOne()` buffering timed out after 10000ms"]
2022-04-13T11:23:46.127Z - info: 	["logsModal:","Operation `logevents.insertOne()` buffering timed out after 10000ms"]
2022-04-13T11:23:46.226Z - info: 	["logsModal:","Operation `logevents.insertOne()` buffering timed out after 10000ms"]
2022-04-13T11:23:46.242Z - info: 	["logsModal:","Operation `logevents.insertOne()` buffering timed out after 10000ms"]
2022-04-13T11:23:46.256Z - info: 	["logsModal:","Operation `logevents.insertOne()` buffering timed out after 10000ms"]
2022-04-13T11:23:46.267Z - info: 	["logsModal:","Operation `logevents.insertOne()` buffering timed out after 10000ms"]
2022-04-13T11:23:46.278Z - info: 	["logsModal:","Operation `logevents.insertOne()` buffering timed out after 10000ms"]
2022-04-13T11:23:46.390Z - info: 	["logsModal:","Operation `logevents.insertOne()` buffering timed out after 10000ms"]
2022-04-13T11:23:46.400Z - info: 	["logsModal:","Operation `logevents.insertOne()` buffering timed out after 10000ms"]
2022-04-13T11:23:46.409Z - info: 	["logsModal:","Operation `logevents.insertOne()` buffering timed out after 10000ms"]
2022-04-13T11:23:46.419Z - info: 	["logsModal:","Operation `logevents.insertOne()` buffering timed out after 10000ms"]
2022-04-13T11:23:46.456Z - info: 	["logsModal:","Operation `logevents.insertOne()` buffering timed out after 10000ms"]
2022-04-13T11:23:46.480Z - info: 	["logsModal:","Operation `logevents.insertOne()` buffering timed out after 10000ms"]
2022-04-13T11:23:46.497Z - info: 	["logsModal:","Operation `logevents.insertOne()` buffering timed out after 10000ms"]
2022-04-13T11:23:46.531Z - info: 	["logsModal:","Operation `logevents.insertOne()` buffering timed out after 10000ms"]
2022-04-13T11:23:46.548Z - info: 	["logsModal:","Operation `logevents.insertOne()` buffering timed out after 10000ms"]
2022-04-13T11:23:46.592Z - info: 	["logsModal:","Operation `logevents.insertOne()` buffering timed out after 10000ms"]
2022-04-13T11:23:46.610Z - info: 	["logsModal:","Operation `logevents.insertOne()` buffering timed out after 10000ms"]
2022-04-13T11:23:46.664Z - info: 	["logsModal:","Operation `logevents.insertOne()` buffering timed out after 10000ms"]
2022-04-13T11:23:46.674Z - info: 	["logsModal:","Operation `logevents.insertOne()` buffering timed out after 10000ms"]
2022-04-13T11:23:46.684Z - info: 	["logsModal:","Operation `logevents.insertOne()` buffering timed out after 10000ms"]
2022-04-13T11:23:46.692Z - info: 	["logsModal:","Operation `logevents.insertOne()` buffering timed out after 10000ms"]
2022-04-13T11:23:46.709Z - info: 	["logsModal:","Operation `logevents.insertOne()` buffering timed out after 10000ms"]
2022-04-13T11:23:46.757Z - info: 	["logsModal:","Operation `logevents.insertOne()` buffering timed out after 10000ms"]
2022-04-13T11:23:46.806Z - info: 	["logsModal:","Operation `logevents.insertOne()` buffering timed out after 10000ms"]
2022-04-13T11:23:46.861Z - info: 	["logsModal:","Operation `logevents.insertOne()` buffering timed out after 10000ms"]
2022-04-13T11:23:46.873Z - info: 	["logsModal:","Operation `logevents.insertOne()` buffering timed out after 10000ms"]
2022-04-13T11:23:46.883Z - info: 	["logsModal:","Operation `logevents.insertOne()` buffering timed out after 10000ms"]
2022-04-13T11:23:46.891Z - info: 	["logsModal:","Operation `logevents.insertOne()` buffering timed out after 10000ms"]
2022-04-13T11:23:47.116Z - info: 	["logsModal:","Operation `logevents.insertOne()` buffering timed out after 10000ms"]
2022-04-13T11:23:47.128Z - info: 	["logsModal:","Operation `logevents.insertOne()` buffering timed out after 10000ms"]
2022-04-13T11:23:47.140Z - info: 	["logsModal:","Operation `logevents.insertOne()` buffering timed out after 10000ms"]
2022-04-13T11:23:47.153Z - info: 	["logsModal:","Operation `logevents.insertOne()` buffering timed out after 10000ms"]
2022-04-13T11:23:47.325Z - info: 	["logsModal:","Operation `logevents.insertOne()` buffering timed out after 10000ms"]
2022-04-13T11:23:47.339Z - info: 	["logsModal:","Operation `logevents.insertOne()` buffering timed out after 10000ms"]
2022-04-13T11:23:47.347Z - info: 	["logsModal:","Operation `logevents.insertOne()` buffering timed out after 10000ms"]
2022-04-13T11:23:47.360Z - info: 	["logsModal:","Operation `logevents.insertOne()` buffering timed out after 10000ms"]
2022-04-13T11:23:47.389Z - info: 	["logsModal:","Operation `logevents.insertOne()` buffering timed out after 10000ms"]
2022-04-13T11:23:47.441Z - info: 	["logsModal:","Operation `logevents.insertOne()` buffering timed out after 10000ms"]
2022-04-13T11:23:47.506Z - info: 	["logsModal:","Operation `logevents.insertOne()` buffering timed out after 10000ms"]
2022-04-13T11:23:47.542Z - info: 	["logsModal:","Operation `logevents.insertOne()` buffering timed out after 10000ms"]
2022-04-13T11:23:47.625Z - info: 	["logsModal:","Operation `logevents.insertOne()` buffering timed out after 10000ms"]
2022-04-13T11:23:47.636Z - info: 	["logsModal:","Operation `logevents.insertOne()` buffering timed out after 10000ms"]
2022-04-13T11:23:47.647Z - info: 	["logsModal:","Operation `logevents.insertOne()` buffering timed out after 10000ms"]
2022-04-13T11:23:47.656Z - info: 	["logsModal:","Operation `logevents.insertOne()` buffering timed out after 10000ms"]
2022-04-13T11:23:47.671Z - info: 	["logsModal:","Operation `logevents.insertOne()` buffering timed out after 10000ms"]
2022-04-13T11:23:47.720Z - info: 	["logsModal:","Operation `logevents.insertOne()` buffering timed out after 10000ms"]
2022-04-13T11:23:47.788Z - info: 	["logsModal:","Operation `logevents.insertOne()` buffering timed out after 10000ms"]
2022-04-13T11:23:47.905Z - info: 	["logsModal:","Operation `logevents.insertOne()` buffering timed out after 10000ms"]
2022-04-13T11:23:47.913Z - info: 	["logsModal:","Operation `logevents.insertOne()` buffering timed out after 10000ms"]
2022-04-13T11:23:47.925Z - info: 	["logsModal:","Operation `logevents.insertOne()` buffering timed out after 10000ms"]
2022-04-13T11:23:47.980Z - info: 	["logsModal:","Operation `logevents.insertOne()` buffering timed out after 10000ms"]
2022-04-13T11:23:48.412Z - info: 	["logsModal:","Operation `logevents.insertOne()` buffering timed out after 10000ms"]
2022-04-13T11:23:48.423Z - info: 	["logsModal:","Operation `logevents.insertOne()` buffering timed out after 10000ms"]
2022-04-13T11:23:48.434Z - info: 	["logsModal:","Operation `logevents.insertOne()` buffering timed out after 10000ms"]
2022-04-13T11:23:48.444Z - info: 	["logsModal:","Operation `logevents.insertOne()` buffering timed out after 10000ms"]
2022-04-13T11:23:48.779Z - info: 	["logsModal:","Operation `logevents.insertOne()` buffering timed out after 10000ms"]
2022-04-13T11:23:48.790Z - info: 	["logsModal:","Operation `logevents.insertOne()` buffering timed out after 10000ms"]
2022-04-13T11:23:48.800Z - info: 	["logsModal:","Operation `logevents.insertOne()` buffering timed out after 10000ms"]
2022-04-13T11:23:48.811Z - info: 	["logsModal:","Operation `logevents.insertOne()` buffering timed out after 10000ms"]
2022-04-13T11:23:48.839Z - info: 	["logsModal:","Operation `logevents.insertOne()` buffering timed out after 10000ms"]
2022-04-13T11:23:48.847Z - info: 	["logsModal:","Operation `logevents.insertOne()` buffering timed out after 10000ms"]
2022-04-13T11:23:48.856Z - info: 	["logsModal:","Operation `logevents.insertOne()` buffering timed out after 10000ms"]
2022-04-13T11:23:48.866Z - info: 	["logsModal:","Operation `logevents.insertOne()` buffering timed out after 10000ms"]
2022-04-13T11:23:49.085Z - info: 	["logsModal:","Operation `logevents.insertOne()` buffering timed out after 10000ms"]
2022-04-13T11:23:49.098Z - info: 	["logsModal:","Operation `logevents.insertOne()` buffering timed out after 10000ms"]
2022-04-13T11:23:49.107Z - info: 	["logsModal:","Operation `logevents.insertOne()` buffering timed out after 10000ms"]
2022-04-13T11:23:49.118Z - info: 	["logsModal:","Operation `logevents.insertOne()` buffering timed out after 10000ms"]
2022-04-13T11:23:49.233Z - info: 	["logsModal:","Operation `logevents.insertOne()` buffering timed out after 10000ms"]
2022-04-13T11:23:49.243Z - info: 	["logsModal:","Operation `logevents.insertOne()` buffering timed out after 10000ms"]
2022-04-13T11:23:49.253Z - info: 	["logsModal:","Operation `logevents.insertOne()` buffering timed out after 10000ms"]
2022-04-13T11:23:49.263Z - info: 	["logsModal:","Operation `logevents.insertOne()` buffering timed out after 10000ms"]
2022-04-13T11:23:49.515Z - info: 	["logsModal:","Operation `logevents.insertOne()` buffering timed out after 10000ms"]
2022-04-13T11:23:49.529Z - info: 	["logsModal:","Operation `logevents.insertOne()` buffering timed out after 10000ms"]
2022-04-13T11:23:49.539Z - info: 	["logsModal:","Operation `logevents.insertOne()` buffering timed out after 10000ms"]
2022-04-13T11:23:49.550Z - info: 	["logsModal:","Operation `logevents.insertOne()` buffering timed out after 10000ms"]
2022-04-13T11:23:49.566Z - info: 	["logsModal:","Operation `logevents.insertOne()` buffering timed out after 10000ms"]
2022-04-13T11:23:49.588Z - info: 	["logsModal:","Operation `logevents.insertOne()` buffering timed out after 10000ms"]
2022-04-13T11:23:49.604Z - info: 	["logsModal:","Operation `logevents.insertOne()` buffering timed out after 10000ms"]
2022-04-13T11:23:49.657Z - info: 	["logsModal:","Operation `logevents.insertOne()` buffering timed out after 10000ms"]
2022-04-13T11:23:49.787Z - info: 	["logsModal:","Operation `logevents.insertOne()` buffering timed out after 10000ms"]
2022-04-13T11:23:49.809Z - info: 	["logsModal:","Operation `logevents.insertOne()` buffering timed out after 10000ms"]
2022-04-13T11:23:49.819Z - info: 	["logsModal:","Operation `logevents.insertOne()` buffering timed out after 10000ms"]
2022-04-13T11:23:49.840Z - info: 	["logsModal:","Operation `logevents.insertOne()` buffering timed out after 10000ms"]
2022-04-13T11:23:49.848Z - info: 	["logsModal:","Operation `logevents.insertOne()` buffering timed out after 10000ms"]
2022-04-13T11:23:49.867Z - info: 	["logsModal:","Operation `logevents.insertOne()` buffering timed out after 10000ms"]
2022-04-13T11:23:49.876Z - info: 	["logsModal:","Operation `logevents.insertOne()` buffering timed out after 10000ms"]
2022-04-13T11:23:49.887Z - info: 	["logsModal:","Operation `logevents.insertOne()` buffering timed out after 10000ms"]
2022-04-13T11:23:49.895Z - info: 	["logsModal:","Operation `logevents.insertOne()` buffering timed out after 10000ms"]
2022-04-13T11:23:50.137Z - info: 	["logsModal:","Operation `logevents.insertOne()` buffering timed out after 10000ms"]
2022-04-13T11:23:50.157Z - info: 	["logsModal:","Operation `logevents.insertOne()` buffering timed out after 10000ms"]
2022-04-13T11:23:50.185Z - info: 	["logsModal:","Operation `logevents.insertOne()` buffering timed out after 10000ms"]
2022-04-13T11:23:50.201Z - info: 	["logsModal:","Operation `logevents.insertOne()` buffering timed out after 10000ms"]
2022-04-13T11:23:50.216Z - info: 	["logsModal:","Operation `logevents.insertOne()` buffering timed out after 10000ms"]
2022-04-13T11:23:50.238Z - info: 	["logsModal:","Operation `logevents.insertOne()` buffering timed out after 10000ms"]
2022-04-13T11:23:50.256Z - info: 	["logsModal:","Operation `logevents.insertOne()` buffering timed out after 10000ms"]
2022-04-13T11:23:50.275Z - info: 	["logsModal:","Operation `logevents.insertOne()` buffering timed out after 10000ms"]
2022-04-13T11:23:50.295Z - info: 	["logsModal:","Operation `logevents.insertOne()` buffering timed out after 10000ms"]
2022-04-13T11:23:50.426Z - info: 	["logsModal:","Operation `logevents.insertOne()` buffering timed out after 10000ms"]
2022-04-13T11:23:50.440Z - info: 	["logsModal:","Operation `logevents.insertOne()` buffering timed out after 10000ms"]
2022-04-13T11:23:50.449Z - info: 	["logsModal:","Operation `logevents.insertOne()` buffering timed out after 10000ms"]
2022-04-13T11:23:50.461Z - info: 	["logsModal:","Operation `logevents.insertOne()` buffering timed out after 10000ms"]
2022-04-13T11:23:50.474Z - info: 	["logsModal:","Operation `logevents.insertOne()` buffering timed out after 10000ms"]
2022-04-13T11:23:50.499Z - info: 	["logsModal:","Operation `logevents.insertOne()` buffering timed out after 10000ms"]
2022-04-13T11:23:50.517Z - info: 	["logsModal:","Operation `logevents.insertOne()` buffering timed out after 10000ms"]
2022-04-13T11:23:50.575Z - info: 	["logsModal:","Operation `logevents.insertOne()` buffering timed out after 10000ms"]
2022-04-13T11:23:50.596Z - info: 	["logsModal:","Operation `logevents.insertOne()` buffering timed out after 10000ms"]
2022-04-13T11:23:50.617Z - info: 	["logsModal:","Operation `logevents.insertOne()` buffering timed out after 10000ms"]
2022-04-13T11:23:50.635Z - info: 	["logsModal:","Operation `logevents.insertOne()` buffering timed out after 10000ms"]
2022-04-13T11:23:50.658Z - info: 	["logsModal:","Operation `logevents.insertOne()` buffering timed out after 10000ms"]
2022-04-13T11:23:50.681Z - info: 	["logsModal:","Operation `logevents.insertOne()` buffering timed out after 10000ms"]
2022-04-13T11:23:50.689Z - info: 	["logsModal:","Operation `logevents.insertOne()` buffering timed out after 10000ms"]
2022-04-13T11:23:50.699Z - info: 	["logsModal:","Operation `logevents.insertOne()` buffering timed out after 10000ms"]
2022-04-13T11:23:50.706Z - info: 	["logsModal:","Operation `logevents.insertOne()` buffering timed out after 10000ms"]
2022-04-13T11:23:50.720Z - info: 	["logsModal:","Operation `logevents.insertOne()` buffering timed out after 10000ms"]
2022-04-13T11:23:50.736Z - info: 	["logsModal:","Operation `logevents.insertOne()` buffering timed out after 10000ms"]
2022-04-13T11:23:50.754Z - info: 	["logsModal:","Operation `logevents.insertOne()` buffering timed out after 10000ms"]
2022-04-13T11:23:50.791Z - info: 	["logsModal:","Operation `logevents.insertOne()` buffering timed out after 10000ms"]
2022-04-13T11:23:50.813Z - info: 	["logsModal:","Operation `logevents.insertOne()` buffering timed out after 10000ms"]
2022-04-13T11:23:50.837Z - info: 	["logsModal:","Operation `logevents.insertOne()` buffering timed out after 10000ms"]
2022-04-13T11:23:50.856Z - info: 	["logsModal:","Operation `logevents.insertOne()` buffering timed out after 10000ms"]
2022-04-13T11:23:50.876Z - info: 	["logsModal:","Operation `logevents.insertOne()` buffering timed out after 10000ms"]
2022-04-13T11:23:50.897Z - info: 	["logsModal:","Operation `logevents.insertOne()` buffering timed out after 10000ms"]
2022-04-13T11:23:50.908Z - info: 	["logsModal:","Operation `logevents.insertOne()` buffering timed out after 10000ms"]
2022-04-13T11:23:50.922Z - info: 	["logsModal:","Operation `logevents.insertOne()` buffering timed out after 10000ms"]
2022-04-13T11:23:50.930Z - info: 	["logsModal:","Operation `logevents.insertOne()` buffering timed out after 10000ms"]
2022-04-13T11:23:51.052Z - info: 	["logsModal:","Operation `logevents.insertOne()` buffering timed out after 10000ms"]
2022-04-13T11:23:51.064Z - info: 	["logsModal:","Operation `logevents.insertOne()` buffering timed out after 10000ms"]
2022-04-13T11:23:51.074Z - info: 	["logsModal:","Operation `logevents.insertOne()` buffering timed out after 10000ms"]
2022-04-13T11:23:51.084Z - info: 	["logsModal:","Operation `logevents.insertOne()` buffering timed out after 10000ms"]
2022-04-13T11:23:51.170Z - info: 	["logsModal:","Operation `logevents.insertOne()` buffering timed out after 10000ms"]
2022-04-13T11:23:51.180Z - info: 	["logsModal:","Operation `logevents.insertOne()` buffering timed out after 10000ms"]
2022-04-13T11:23:51.190Z - info: 	["logsModal:","Operation `logevents.insertOne()` buffering timed out after 10000ms"]
2022-04-13T11:23:51.198Z - info: 	["logsModal:","Operation `logevents.insertOne()` buffering timed out after 10000ms"]
2022-04-13T11:26:25.649Z - info: 	["connect to mysql: ",{"client":"mysql","connection":{"host":"localhost","database":"briko_dev","user":"briko_dev","password":"briko_dev","port":"3306"},"pool":{"min":1,"max":50},"migrations":{"tableName":"KnexMigrations"}}]
2022-04-13T11:26:28.351Z - info: 	["Server is running on 3000"]
2022-04-13T11:26:28.352Z - info: 	["Unable to connect:","Invalid scheme, expected connection string to start with \"mongodb://\" or \"mongodb+srv://\""]
2022-04-13T11:26:28.352Z - info: 	[null]
2022-04-13T11:26:57.340Z - info: 	["connect to mysql: ",{"client":"mysql","connection":{"host":"localhost","database":"briko_dev","user":"briko_dev","password":"briko_dev","port":"3306"},"pool":{"min":1,"max":50},"migrations":{"tableName":"KnexMigrations"}}]
2022-04-13T11:27:00.270Z - info: 	["Server is running on 3000"]
2022-04-13T11:27:00.271Z - info: 	["Unable to connect:","Invalid scheme, expected connection string to start with \"mongodb://\" or \"mongodb+srv://\""]
2022-04-13T11:27:00.271Z - info: 	[null]
